[0m[38;5;12mWatcher[0m Process started.
Configuration loaded from /Users/kumakun/github/ursamu/config/config.json
Configuration saved to /Users/kumakun/github/ursamu/config/config.json
Loading plugin from /Users/kumakun/github/ursamu/src/plugins/example/index.ts
Configuration saved to /Users/kumakun/github/ursamu/config/config.json
Plugin example v1.0.0 loaded
Listening on http://0.0.0.0:4203/ (http://localhost:4203/)
Initializing example plugin...
Example plugin is disabled
Plugin example initialized successfully.
Checking for existing rooms...
Opening KV database at: data/ursamu.db
Found 4 rooms
Checking counter...
Checking for channels...
Found 2 channels
Server started on port 4203 (HTTP & WebSockets).
[Queue] Service initialized.
Discord Bridge: No token configured, skipping.
UrsaMU main server is running!
[CmdParser] Loaded system aliases: {
  help: "help",
  "@help": "help",
  name: "name",
  search: "search",
  stats: "search",
  moniker: "moniker",
  lock: "lock",
  unlock: "lock",
  toad: "admin",
  newpassword: "admin",
  newpass: "admin",
  chown: "admin",
  site: "admin",
  reboot: "admin",
  restart: "admin",
  shutdown: "admin",
  nameformat: "format",
  descformat: "format",
  conformat: "format",
  exitformat: "format",
  setAttr: "setAttr",
  create: "create",
  alias: "alias",
  desc: "describe",
  "mail/send": "mail",
  "mail/read": "mail",
  "mail/delete": "mail",
  "mail/quick": "mail",
  "mail/proof": "mail",
  "mail/edit": "mail",
  "mail/abort": "mail",
  "mail/cc": "mail",
  "mail/bcc": "mail",
  "mail/reply": "mail",
  "mail/notify": "mail",
  "mail/replyall": "mail",
  "mail/forward": "mail",
  "mail/subject": "mail"
}
[0m[38;5;12mWatcher[0m [0m[38;5;245mRestarting! File change detected: "/Users/kumakun/github/ursamu/src/web-client/fresh.gen.ts"[0m
Configuration loaded from /Users/kumakun/github/ursamu/config/config.json
Configuration saved to /Users/kumakun/github/ursamu/config/config.json
Loading plugin from /Users/kumakun/github/ursamu/src/plugins/example/index.ts
Configuration saved to /Users/kumakun/github/ursamu/config/config.json
Plugin example v1.0.0 loaded
Listening on http://0.0.0.0:4203/ (http://localhost:4203/)
Initializing example plugin...
Example plugin is disabled
Plugin example initialized successfully.
Checking for existing rooms...
Opening KV database at: data/ursamu.db
Found 4 rooms
Checking counter...
Checking for channels...
Found 2 channels
Server started on port 4203 (HTTP & WebSockets).
[Queue] Service initialized.
Discord Bridge: No token configured, skipping.
UrsaMU main server is running!
[CmdParser] Loaded system aliases: {
  help: "help",
  "@help": "help",
  name: "name",
  search: "search",
  stats: "search",
  moniker: "moniker",
  lock: "lock",
  unlock: "lock",
  toad: "admin",
  newpassword: "admin",
  newpass: "admin",
  chown: "admin",
  site: "admin",
  reboot: "admin",
  restart: "admin",
  shutdown: "admin",
  nameformat: "format",
  descformat: "format",
  conformat: "format",
  exitformat: "format",
  setAttr: "setAttr",
  create: "create",
  alias: "alias",
  desc: "describe",
  "mail/send": "mail",
  "mail/read": "mail",
  "mail/delete": "mail",
  "mail/quick": "mail",
  "mail/proof": "mail",
  "mail/edit": "mail",
  "mail/abort": "mail",
  "mail/cc": "mail",
  "mail/bcc": "mail",
  "mail/reply": "mail",
  "mail/notify": "mail",
  "mail/replyall": "mail",
  "mail/forward": "mail",
  "mail/subject": "mail"
}
New WebSocket connection established (telnet)
Obj.get called with:  string
Found by string (name): 1
[CmdParser] System script execution failed for connect: Error: Script execution timed out
    at file:///Users/kumakun/github/ursamu/src/services/Sandbox/SandboxService.ts:511:47
    at callback (ext:deno_web/02_timers.js:42:7)
    at eventLoopTick (ext:core/01_core.js:223:13)
Obj.get called with: 2 string
Found by string (name): 2
Obj.get called with: 9 string
Found by string (name): 9
Obj.get called with: 9 string
Found by string (name): 9
[0m[38;5;12mWatcher[0m [0m[38;5;245mRestarting! File change detected: "/Users/kumakun/github/ursamu/system/scripts/look.ts"[0m
Configuration loaded from /Users/kumakun/github/ursamu/config/config.json
Configuration saved to /Users/kumakun/github/ursamu/config/config.json
Loading plugin from /Users/kumakun/github/ursamu/src/plugins/example/index.ts
Configuration saved to /Users/kumakun/github/ursamu/config/config.json
Plugin example v1.0.0 loaded
Listening on http://0.0.0.0:4203/ (http://localhost:4203/)
Initializing example plugin...
Example plugin is disabled
Plugin example initialized successfully.
Checking for existing rooms...
Opening KV database at: data/ursamu.db
Found 4 rooms
Checking counter...
Checking for channels...
Found 2 channels
Server started on port 4203 (HTTP & WebSockets).
[Queue] Service initialized.
Discord Bridge: No token configured, skipping.
UrsaMU main server is running!
[CmdParser] Loaded system aliases: {
  help: "help",
  "@help": "help",
  name: "name",
  search: "search",
  stats: "search",
  moniker: "moniker",
  lock: "lock",
  unlock: "lock",
  toad: "admin",
  newpassword: "admin",
  newpass: "admin",
  chown: "admin",
  site: "admin",
  reboot: "admin",
  restart: "admin",
  shutdown: "admin",
  nameformat: "format",
  descformat: "format",
  conformat: "format",
  exitformat: "format",
  setAttr: "setAttr",
  create: "create",
  alias: "alias",
  desc: "describe",
  "mail/send": "mail",
  "mail/read": "mail",
  "mail/delete": "mail",
  "mail/quick": "mail",
  "mail/proof": "mail",
  "mail/edit": "mail",
  "mail/abort": "mail",
  "mail/cc": "mail",
  "mail/bcc": "mail",
  "mail/reply": "mail",
  "mail/notify": "mail",
  "mail/replyall": "mail",
  "mail/forward": "mail",
  "mail/subject": "mail"
}
New WebSocket connection established (telnet)
Obj.get called with:  string
Found by string (name): 1
[0m[38;5;12mWatcher[0m [0m[38;5;245mRestarting! File change detected: "/Users/kumakun/github/ursamu/system/scripts/look.ts"[0m
Configuration loaded from /Users/kumakun/github/ursamu/config/config.json
Configuration saved to /Users/kumakun/github/ursamu/config/config.json
Loading plugin from /Users/kumakun/github/ursamu/src/plugins/example/index.ts
Configuration saved to /Users/kumakun/github/ursamu/config/config.json
Plugin example v1.0.0 loaded
Listening on http://0.0.0.0:4203/ (http://localhost:4203/)
Initializing example plugin...
Example plugin is disabled
Plugin example initialized successfully.
Checking for existing rooms...
Opening KV database at: data/ursamu.db
Found 4 rooms
Checking counter...
Checking for channels...
Found 2 channels
Server started on port 4203 (HTTP & WebSockets).
[Queue] Service initialized.
Discord Bridge: No token configured, skipping.
UrsaMU main server is running!
[CmdParser] Loaded system aliases: {
  help: "help",
  "@help": "help",
  name: "name",
  search: "search",
  stats: "search",
  moniker: "moniker",
  lock: "lock",
  unlock: "lock",
  toad: "admin",
  newpassword: "admin",
  newpass: "admin",
  chown: "admin",
  site: "admin",
  reboot: "admin",
  restart: "admin",
  shutdown: "admin",
  nameformat: "format",
  descformat: "format",
  conformat: "format",
  exitformat: "format",
  setAttr: "setAttr",
  create: "create",
  alias: "alias",
  desc: "describe",
  "mail/send": "mail",
  "mail/read": "mail",
  "mail/delete": "mail",
  "mail/quick": "mail",
  "mail/proof": "mail",
  "mail/edit": "mail",
  "mail/abort": "mail",
  "mail/cc": "mail",
  "mail/bcc": "mail",
  "mail/reply": "mail",
  "mail/notify": "mail",
  "mail/replyall": "mail",
  "mail/forward": "mail",
  "mail/subject": "mail"
}
New WebSocket connection established (telnet)
Obj.get called with:  string
Found by string (name): 1
Obj.get called with:  string
Found by string (name): 1
New WebSocket connection established (telnet)
Obj.get called with:  string
Found by string (name): 1
[CmdParser] System script execution failed for connect: Error: Script execution timed out
    at file:///Users/kumakun/github/ursamu/src/services/Sandbox/SandboxService.ts:511:47
    at callback (ext:deno_web/02_timers.js:42:7)
    at eventLoopTick (ext:core/01_core.js:223:13)
Obj.get called with: 2 string
Found by string (name): 2
Obj.get called with: 9 string
Found by string (name): 9
Obj.get called with: 9 string
Found by string (name): 9
New WebSocket connection established (telnet)
New WebSocket connection established (telnet)
New WebSocket connection established (telnet)
New WebSocket connection established (telnet)
New WebSocket connection established (telnet)
New WebSocket connection established (telnet)
New WebSocket connection established (telnet)
New WebSocket connection established (telnet)
New WebSocket connection established (telnet)
New WebSocket connection established (telnet)
Obj.get called with:  string
Found by string (name): 1
New WebSocket connection established (telnet)
Obj.get called with:  string
Found by string (name): 1
New WebSocket connection established (telnet)
New WebSocket connection established (telnet)
New WebSocket connection established (telnet)
Obj.get called with:  string
Obj.get called with:  string
Found by string (name): 1
Found by string (name): 1
WebSocket error: ErrorEvent {
  bubbles: false,
  cancelable: false,
  composed: false,
  currentTarget: WebSocket {
    url: "",
    readyState: 3,
    extensions: "",
    protocol: "",
    binaryType: "arraybuffer",
    bufferedAmount: 0,
    onmessage: null,
    onerror: null,
    onclose: null,
    onopen: null
  },
  defaultPrevented: false,
  eventPhase: 2,
  srcElement: null,
  target: WebSocket {
    url: "",
    readyState: 3,
    extensions: "",
    protocol: "",
    binaryType: "arraybuffer",
    bufferedAmount: 0,
    onmessage: null,
    onerror: null,
    onclose: null,
    onopen: null
  },
  returnValue: true,
  timeStamp: 0,
  type: "error",
  message: "Unexpected EOF",
  filename: "",
  lineno: 0,
  colno: 0,
  error: Error: Unexpected EOF
    at WebSocket.[[[eventLoop]]] (ext:deno_websocket/01_websocket.js:577:25)
    at eventLoopTick (ext:core/01_core.js:187:7)
}
WebSocket error: ErrorEvent {
  bubbles: false,
  cancelable: false,
  composed: false,
  currentTarget: WebSocket {
    url: "",
    readyState: 3,
    extensions: "",
    protocol: "",
    binaryType: "arraybuffer",
    bufferedAmount: 0,
    onmessage: null,
    onerror: null,
    onclose: null,
    onopen: null
  },
  defaultPrevented: false,
  eventPhase: 2,
  srcElement: null,
  target: WebSocket {
    url: "",
    readyState: 3,
    extensions: "",
    protocol: "",
    binaryType: "arraybuffer",
    bufferedAmount: 0,
    onmessage: null,
    onerror: null,
    onclose: null,
    onopen: null
  },
  returnValue: true,
  timeStamp: 0,
  type: "error",
  message: "Unexpected EOF",
  filename: "",
  lineno: 0,
  colno: 0,
  error: Error: Unexpected EOF
    at WebSocket.[[[eventLoop]]] (ext:deno_websocket/01_websocket.js:577:25)
    at eventLoopTick (ext:core/01_core.js:187:7)
}
WebSocket error: ErrorEvent {
  bubbles: false,
  cancelable: false,
  composed: false,
  currentTarget: WebSocket {
    url: "",
    readyState: 3,
    extensions: "",
    protocol: "",
    binaryType: "arraybuffer",
    bufferedAmount: 0,
    onmessage: null,
    onerror: null,
    onclose: null,
    onopen: null
  },
  defaultPrevented: false,
  eventPhase: 2,
  srcElement: null,
  target: WebSocket {
    url: "",
    readyState: 3,
    extensions: "",
    protocol: "",
    binaryType: "arraybuffer",
    bufferedAmount: 0,
    onmessage: null,
    onerror: null,
    onclose: null,
    onopen: null
  },
  returnValue: true,
  timeStamp: 0,
  type: "error",
  message: "Unexpected EOF",
  filename: "",
  lineno: 0,
  colno: 0,
  error: Error: Unexpected EOF
    at WebSocket.[[[eventLoop]]] (ext:deno_websocket/01_websocket.js:577:25)
    at eventLoopTick (ext:core/01_core.js:187:7)
}
WebSocket error: ErrorEvent {
  bubbles: false,
  cancelable: false,
  composed: false,
  currentTarget: WebSocket {
    url: "",
    readyState: 3,
    extensions: "",
    protocol: "",
    binaryType: "arraybuffer",
    bufferedAmount: 0,
    onmessage: null,
    onerror: null,
    onclose: null,
    onopen: null
  },
  defaultPrevented: false,
  eventPhase: 2,
  srcElement: null,
  target: WebSocket {
    url: "",
    readyState: 3,
    extensions: "",
    protocol: "",
    binaryType: "arraybuffer",
    bufferedAmount: 0,
    onmessage: null,
    onerror: null,
    onclose: null,
    onopen: null
  },
  returnValue: true,
  timeStamp: 0,
  type: "error",
  message: "Unexpected EOF",
  filename: "",
  lineno: 0,
  colno: 0,
  error: Error: Unexpected EOF
    at WebSocket.[[[eventLoop]]] (ext:deno_websocket/01_websocket.js:577:25)
    at eventLoopTick (ext:core/01_core.js:187:7)
}
WebSocket error: ErrorEvent {
  bubbles: false,
  cancelable: false,
  composed: false,
  currentTarget: WebSocket {
    url: "",
    readyState: 3,
    extensions: "",
    protocol: "",
    binaryType: "arraybuffer",
    bufferedAmount: 0,
    onmessage: null,
    onerror: null,
    onclose: null,
    onopen: null
  },
  defaultPrevented: false,
  eventPhase: 2,
  srcElement: null,
  target: WebSocket {
    url: "",
    readyState: 3,
    extensions: "",
    protocol: "",
    binaryType: "arraybuffer",
    bufferedAmount: 0,
    onmessage: null,
    onerror: null,
    onclose: null,
    onopen: null
  },
  returnValue: true,
  timeStamp: 0,
  type: "error",
  message: "Unexpected EOF",
  filename: "",
  lineno: 0,
  colno: 0,
  error: Error: Unexpected EOF
    at WebSocket.[[[eventLoop]]] (ext:deno_websocket/01_websocket.js:577:25)
    at eventLoopTick (ext:core/01_core.js:187:7)
}
WebSocket error: ErrorEvent {
  bubbles: false,
  cancelable: false,
  composed: false,
  currentTarget: WebSocket {
    url: "",
    readyState: 3,
    extensions: "",
    protocol: "",
    binaryType: "arraybuffer",
    bufferedAmount: 0,
    onmessage: null,
    onerror: null,
    onclose: null,
    onopen: null
  },
  defaultPrevented: false,
  eventPhase: 2,
  srcElement: null,
  target: WebSocket {
    url: "",
    readyState: 3,
    extensions: "",
    protocol: "",
    binaryType: "arraybuffer",
    bufferedAmount: 0,
    onmessage: null,
    onerror: null,
    onclose: null,
    onopen: null
  },
  returnValue: true,
  timeStamp: 0,
  type: "error",
  message: "Unexpected EOF",
  filename: "",
  lineno: 0,
  colno: 0,
  error: Error: Unexpected EOF
    at WebSocket.[[[eventLoop]]] (ext:deno_websocket/01_websocket.js:577:25)
    at eventLoopTick (ext:core/01_core.js:187:7)
}
WebSocket error: ErrorEvent {
  bubbles: false,
  cancelable: false,
  composed: false,
  currentTarget: WebSocket {
    url: "",
    readyState: 3,
    extensions: "",
    protocol: "",
    binaryType: "arraybuffer",
    bufferedAmount: 0,
    onmessage: null,
    onerror: null,
    onclose: null,
    onopen: null
  },
  defaultPrevented: false,
  eventPhase: 2,
  srcElement: null,
  target: WebSocket {
    url: "",
    readyState: 3,
    extensions: "",
    protocol: "",
    binaryType: "arraybuffer",
    bufferedAmount: 0,
    onmessage: null,
    onerror: null,
    onclose: null,
    onopen: null
  },
  returnValue: true,
  timeStamp: 0,
  type: "error",
  message: "Unexpected EOF",
  filename: "",
  lineno: 0,
  colno: 0,
  error: Error: Unexpected EOF
    at WebSocket.[[[eventLoop]]] (ext:deno_websocket/01_websocket.js:577:25)
    at eventLoopTick (ext:core/01_core.js:187:7)
}
WebSocket error: ErrorEvent {
  bubbles: false,
  cancelable: false,
  composed: false,
  currentTarget: WebSocket {
    url: "",
    readyState: 3,
    extensions: "",
    protocol: "",
    binaryType: "arraybuffer",
    bufferedAmount: 0,
    onmessage: null,
    onerror: null,
    onclose: null,
    onopen: null
  },
  defaultPrevented: false,
  eventPhase: 2,
  srcElement: null,
  target: WebSocket {
    url: "",
    readyState: 3,
    extensions: "",
    protocol: "",
    binaryType: "arraybuffer",
    bufferedAmount: 0,
    onmessage: null,
    onerror: null,
    onclose: null,
    onopen: null
  },
  returnValue: true,
  timeStamp: 0,
  type: "error",
  message: "Unexpected EOF",
  filename: "",
  lineno: 0,
  colno: 0,
  error: Error: Unexpected EOF
    at WebSocket.[[[eventLoop]]] (ext:deno_websocket/01_websocket.js:577:25)
    at eventLoopTick (ext:core/01_core.js:187:7)
}
[0m[38;5;12mWatcher[0m [0m[38;5;245mRestarting! File change detected: "/Users/kumakun/github/ursamu/src/@types/UrsamuSDK.ts"[0m
Configuration loaded from /Users/kumakun/github/ursamu/config/config.json
Configuration saved to /Users/kumakun/github/ursamu/config/config.json
Loading plugin from /Users/kumakun/github/ursamu/src/plugins/example/index.ts
Configuration saved to /Users/kumakun/github/ursamu/config/config.json
Plugin example v1.0.0 loaded
Listening on http://0.0.0.0:4203/ (http://localhost:4203/)
Initializing example plugin...
Example plugin is disabled
Plugin example initialized successfully.
Checking for existing rooms...
Opening KV database at: data/ursamu.db
Found 4 rooms
Checking counter...
Checking for channels...
Found 2 channels
Server started on port 4203 (HTTP & WebSockets).
[Queue] Service initialized.
Discord Bridge: No token configured, skipping.
UrsaMU main server is running!
[CmdParser] Loaded system aliases: {
  help: "help",
  "@help": "help",
  name: "name",
  search: "search",
  stats: "search",
  moniker: "moniker",
  lock: "lock",
  unlock: "lock",
  toad: "admin",
  newpassword: "admin",
  newpass: "admin",
  chown: "admin",
  site: "admin",
  reboot: "admin",
  restart: "admin",
  shutdown: "admin",
  nameformat: "format",
  descformat: "format",
  conformat: "format",
  exitformat: "format",
  setAttr: "setAttr",
  create: "create",
  alias: "alias",
  desc: "describe",
  "mail/send": "mail",
  "mail/read": "mail",
  "mail/delete": "mail",
  "mail/quick": "mail",
  "mail/proof": "mail",
  "mail/edit": "mail",
  "mail/abort": "mail",
  "mail/cc": "mail",
  "mail/bcc": "mail",
  "mail/reply": "mail",
  "mail/notify": "mail",
  "mail/replyall": "mail",
  "mail/forward": "mail",
  "mail/subject": "mail"
}
[0m[38;5;12mWatcher[0m [0m[38;5;245mRestarting! File change detected: "/Users/kumakun/github/ursamu/src/services/Sandbox/worker.ts"[0m
Configuration loaded from /Users/kumakun/github/ursamu/config/config.json
Configuration saved to /Users/kumakun/github/ursamu/config/config.json
Loading plugin from /Users/kumakun/github/ursamu/src/plugins/example/index.ts
Configuration saved to /Users/kumakun/github/ursamu/config/config.json
Plugin example v1.0.0 loaded
Listening on http://0.0.0.0:4203/ (http://localhost:4203/)
Initializing example plugin...
Example plugin is disabled
Plugin example initialized successfully.
Checking for existing rooms...
Opening KV database at: data/ursamu.db
Found 4 rooms
Checking counter...
Checking for channels...
Found 2 channels
Server started on port 4203 (HTTP & WebSockets).
[Queue] Service initialized.
Discord Bridge: No token configured, skipping.
UrsaMU main server is running!
[CmdParser] Loaded system aliases: {
  help: "help",
  "@help": "help",
  name: "name",
  search: "search",
  stats: "search",
  moniker: "moniker",
  lock: "lock",
  unlock: "lock",
  toad: "admin",
  newpassword: "admin",
  newpass: "admin",
  chown: "admin",
  site: "admin",
  reboot: "admin",
  restart: "admin",
  shutdown: "admin",
  nameformat: "format",
  descformat: "format",
  conformat: "format",
  exitformat: "format",
  setAttr: "setAttr",
  create: "create",
  alias: "alias",
  desc: "describe",
  "mail/send": "mail",
  "mail/read": "mail",
  "mail/delete": "mail",
  "mail/quick": "mail",
  "mail/proof": "mail",
  "mail/edit": "mail",
  "mail/abort": "mail",
  "mail/cc": "mail",
  "mail/bcc": "mail",
  "mail/reply": "mail",
  "mail/notify": "mail",
  "mail/replyall": "mail",
  "mail/forward": "mail",
  "mail/subject": "mail"
}
[0m[38;5;12mWatcher[0m [0m[38;5;245mRestarting! File change detected: "/Users/kumakun/github/ursamu/src/services/Sandbox/worker.ts"[0m
Configuration loaded from /Users/kumakun/github/ursamu/config/config.json
Configuration saved to /Users/kumakun/github/ursamu/config/config.json
Loading plugin from /Users/kumakun/github/ursamu/src/plugins/example/index.ts
Configuration saved to /Users/kumakun/github/ursamu/config/config.json
Plugin example v1.0.0 loaded
Listening on http://0.0.0.0:4203/ (http://localhost:4203/)
Initializing example plugin...
Example plugin is disabled
Plugin example initialized successfully.
Checking for existing rooms...
Opening KV database at: data/ursamu.db
Found 4 rooms
Checking counter...
Checking for channels...
Found 2 channels
Server started on port 4203 (HTTP & WebSockets).
[Queue] Service initialized.
Discord Bridge: No token configured, skipping.
UrsaMU main server is running!
[CmdParser] Loaded system aliases: {
  help: "help",
  "@help": "help",
  name: "name",
  search: "search",
  stats: "search",
  moniker: "moniker",
  lock: "lock",
  unlock: "lock",
  toad: "admin",
  newpassword: "admin",
  newpass: "admin",
  chown: "admin",
  site: "admin",
  reboot: "admin",
  restart: "admin",
  shutdown: "admin",
  nameformat: "format",
  descformat: "format",
  conformat: "format",
  exitformat: "format",
  setAttr: "setAttr",
  create: "create",
  alias: "alias",
  desc: "describe",
  "mail/send": "mail",
  "mail/read": "mail",
  "mail/delete": "mail",
  "mail/quick": "mail",
  "mail/proof": "mail",
  "mail/edit": "mail",
  "mail/abort": "mail",
  "mail/cc": "mail",
  "mail/bcc": "mail",
  "mail/reply": "mail",
  "mail/notify": "mail",
  "mail/replyall": "mail",
  "mail/forward": "mail",
  "mail/subject": "mail"
}
[0m[38;5;12mWatcher[0m [0m[38;5;245mRestarting! File change detected: "/Users/kumakun/github/ursamu/src/services/Sandbox/worker.ts"[0m
Configuration loaded from /Users/kumakun/github/ursamu/config/config.json
Configuration saved to /Users/kumakun/github/ursamu/config/config.json
Loading plugin from /Users/kumakun/github/ursamu/src/plugins/example/index.ts
Configuration saved to /Users/kumakun/github/ursamu/config/config.json
Plugin example v1.0.0 loaded
Listening on http://0.0.0.0:4203/ (http://localhost:4203/)
Initializing example plugin...
Example plugin is disabled
Plugin example initialized successfully.
Checking for existing rooms...
Opening KV database at: data/ursamu.db
Found 4 rooms
Checking counter...
Checking for channels...
Found 2 channels
Server started on port 4203 (HTTP & WebSockets).
[Queue] Service initialized.
Discord Bridge: No token configured, skipping.
UrsaMU main server is running!
[CmdParser] Loaded system aliases: {
  help: "help",
  "@help": "help",
  name: "name",
  search: "search",
  stats: "search",
  moniker: "moniker",
  lock: "lock",
  unlock: "lock",
  toad: "admin",
  newpassword: "admin",
  newpass: "admin",
  chown: "admin",
  site: "admin",
  reboot: "admin",
  restart: "admin",
  shutdown: "admin",
  nameformat: "format",
  descformat: "format",
  conformat: "format",
  exitformat: "format",
  setAttr: "setAttr",
  create: "create",
  alias: "alias",
  desc: "describe",
  "mail/send": "mail",
  "mail/read": "mail",
  "mail/delete": "mail",
  "mail/quick": "mail",
  "mail/proof": "mail",
  "mail/edit": "mail",
  "mail/abort": "mail",
  "mail/cc": "mail",
  "mail/bcc": "mail",
  "mail/reply": "mail",
  "mail/notify": "mail",
  "mail/replyall": "mail",
  "mail/forward": "mail",
  "mail/subject": "mail"
}
[0m[38;5;12mWatcher[0m [0m[38;5;245mRestarting! File change detected: "/Users/kumakun/github/ursamu/src/services/Sandbox/worker.ts"[0m
Configuration loaded from /Users/kumakun/github/ursamu/config/config.json
Configuration saved to /Users/kumakun/github/ursamu/config/config.json
Loading plugin from /Users/kumakun/github/ursamu/src/plugins/example/index.ts
Configuration saved to /Users/kumakun/github/ursamu/config/config.json
Plugin example v1.0.0 loaded
Listening on http://0.0.0.0:4203/ (http://localhost:4203/)
Initializing example plugin...
Example plugin is disabled
Plugin example initialized successfully.
Checking for existing rooms...
Opening KV database at: data/ursamu.db
Found 4 rooms
Checking counter...
Checking for channels...
Found 2 channels
Server started on port 4203 (HTTP & WebSockets).
[Queue] Service initialized.
Discord Bridge: No token configured, skipping.
UrsaMU main server is running!
[CmdParser] Loaded system aliases: {
  help: "help",
  "@help": "help",
  name: "name",
  search: "search",
  stats: "search",
  moniker: "moniker",
  lock: "lock",
  unlock: "lock",
  toad: "admin",
  newpassword: "admin",
  newpass: "admin",
  chown: "admin",
  site: "admin",
  reboot: "admin",
  restart: "admin",
  shutdown: "admin",
  nameformat: "format",
  descformat: "format",
  conformat: "format",
  exitformat: "format",
  setAttr: "setAttr",
  create: "create",
  alias: "alias",
  desc: "describe",
  "mail/send": "mail",
  "mail/read": "mail",
  "mail/delete": "mail",
  "mail/quick": "mail",
  "mail/proof": "mail",
  "mail/edit": "mail",
  "mail/abort": "mail",
  "mail/cc": "mail",
  "mail/bcc": "mail",
  "mail/reply": "mail",
  "mail/notify": "mail",
  "mail/replyall": "mail",
  "mail/forward": "mail",
  "mail/subject": "mail"
}
[0m[38;5;12mWatcher[0m [0m[38;5;245mRestarting! File change detected: "/Users/kumakun/github/ursamu/src/services/Sandbox/SandboxService.ts"[0m
Configuration loaded from /Users/kumakun/github/ursamu/config/config.json
Configuration saved to /Users/kumakun/github/ursamu/config/config.json
Loading plugin from /Users/kumakun/github/ursamu/src/plugins/example/index.ts
Configuration saved to /Users/kumakun/github/ursamu/config/config.json
Plugin example v1.0.0 loaded
Listening on http://0.0.0.0:4203/ (http://localhost:4203/)
Initializing example plugin...
Example plugin is disabled
Plugin example initialized successfully.
Checking for existing rooms...
Opening KV database at: data/ursamu.db
Found 4 rooms
Checking counter...
Checking for channels...
Found 2 channels
Server started on port 4203 (HTTP & WebSockets).
[Queue] Service initialized.
Discord Bridge: No token configured, skipping.
UrsaMU main server is running!
[CmdParser] Loaded system aliases: {
  help: "help",
  "@help": "help",
  name: "name",
  search: "search",
  stats: "search",
  moniker: "moniker",
  lock: "lock",
  unlock: "lock",
  toad: "admin",
  newpassword: "admin",
  newpass: "admin",
  chown: "admin",
  site: "admin",
  reboot: "admin",
  restart: "admin",
  shutdown: "admin",
  nameformat: "format",
  descformat: "format",
  conformat: "format",
  exitformat: "format",
  setAttr: "setAttr",
  create: "create",
  alias: "alias",
  desc: "describe",
  "mail/send": "mail",
  "mail/read": "mail",
  "mail/delete": "mail",
  "mail/quick": "mail",
  "mail/proof": "mail",
  "mail/edit": "mail",
  "mail/abort": "mail",
  "mail/cc": "mail",
  "mail/bcc": "mail",
  "mail/reply": "mail",
  "mail/notify": "mail",
  "mail/replyall": "mail",
  "mail/forward": "mail",
  "mail/subject": "mail"
}
[0m[38;5;12mWatcher[0m [0m[38;5;245mRestarting! File change detected: "/Users/kumakun/github/ursamu/src/services/Sandbox/SandboxService.ts"[0m
Configuration loaded from /Users/kumakun/github/ursamu/config/config.json
Configuration saved to /Users/kumakun/github/ursamu/config/config.json
Loading plugin from /Users/kumakun/github/ursamu/src/plugins/example/index.ts
Configuration saved to /Users/kumakun/github/ursamu/config/config.json
Plugin example v1.0.0 loaded
Listening on http://0.0.0.0:4203/ (http://localhost:4203/)
Initializing example plugin...
Example plugin is disabled
Plugin example initialized successfully.
Checking for existing rooms...
Opening KV database at: data/ursamu.db
Found 4 rooms
Checking counter...
Checking for channels...
Found 2 channels
Server started on port 4203 (HTTP & WebSockets).
[Queue] Service initialized.
Discord Bridge: No token configured, skipping.
UrsaMU main server is running!
[CmdParser] Loaded system aliases: {
  help: "help",
  "@help": "help",
  name: "name",
  search: "search",
  stats: "search",
  moniker: "moniker",
  lock: "lock",
  unlock: "lock",
  toad: "admin",
  newpassword: "admin",
  newpass: "admin",
  chown: "admin",
  site: "admin",
  reboot: "admin",
  restart: "admin",
  shutdown: "admin",
  nameformat: "format",
  descformat: "format",
  conformat: "format",
  exitformat: "format",
  setAttr: "setAttr",
  create: "create",
  alias: "alias",
  desc: "describe",
  "mail/send": "mail",
  "mail/read": "mail",
  "mail/delete": "mail",
  "mail/quick": "mail",
  "mail/proof": "mail",
  "mail/edit": "mail",
  "mail/abort": "mail",
  "mail/cc": "mail",
  "mail/bcc": "mail",
  "mail/reply": "mail",
  "mail/notify": "mail",
  "mail/replyall": "mail",
  "mail/forward": "mail",
  "mail/subject": "mail"
}
[0m[38;5;12mWatcher[0m [0m[38;5;245mRestarting! File change detected: "/Users/kumakun/github/ursamu/src/services/Sandbox/SandboxService.ts"[0m
Configuration loaded from /Users/kumakun/github/ursamu/config/config.json
Configuration saved to /Users/kumakun/github/ursamu/config/config.json
Loading plugin from /Users/kumakun/github/ursamu/src/plugins/example/index.ts
Configuration saved to /Users/kumakun/github/ursamu/config/config.json
Plugin example v1.0.0 loaded
Listening on http://0.0.0.0:4203/ (http://localhost:4203/)
Initializing example plugin...
Example plugin is disabled
Plugin example initialized successfully.
Checking for existing rooms...
Opening KV database at: data/ursamu.db
Found 4 rooms
Checking counter...
Checking for channels...
Found 2 channels
Server started on port 4203 (HTTP & WebSockets).
[Queue] Service initialized.
Discord Bridge: No token configured, skipping.
UrsaMU main server is running!
[CmdParser] Loaded system aliases: {
  help: "help",
  "@help": "help",
  name: "name",
  search: "search",
  stats: "search",
  moniker: "moniker",
  lock: "lock",
  unlock: "lock",
  toad: "admin",
  newpassword: "admin",
  newpass: "admin",
  chown: "admin",
  site: "admin",
  reboot: "admin",
  restart: "admin",
  shutdown: "admin",
  nameformat: "format",
  descformat: "format",
  conformat: "format",
  exitformat: "format",
  setAttr: "setAttr",
  create: "create",
  alias: "alias",
  desc: "describe",
  "mail/send": "mail",
  "mail/read": "mail",
  "mail/delete": "mail",
  "mail/quick": "mail",
  "mail/proof": "mail",
  "mail/edit": "mail",
  "mail/abort": "mail",
  "mail/cc": "mail",
  "mail/bcc": "mail",
  "mail/reply": "mail",
  "mail/notify": "mail",
  "mail/replyall": "mail",
  "mail/forward": "mail",
  "mail/subject": "mail"
}
[0m[38;5;12mWatcher[0m [0m[38;5;245mRestarting! File change detected: "/Users/kumakun/github/ursamu/system/scripts/admin.ts"[0m
Configuration loaded from /Users/kumakun/github/ursamu/config/config.json
Configuration saved to /Users/kumakun/github/ursamu/config/config.json
Loading plugin from /Users/kumakun/github/ursamu/src/plugins/example/index.ts
Configuration saved to /Users/kumakun/github/ursamu/config/config.json
Plugin example v1.0.0 loaded
Listening on http://0.0.0.0:4203/ (http://localhost:4203/)
Initializing example plugin...
Example plugin is disabled
Plugin example initialized successfully.
Checking for existing rooms...
Opening KV database at: data/ursamu.db
Found 4 rooms
Checking counter...
Checking for channels...
Found 2 channels
Server started on port 4203 (HTTP & WebSockets).
[Queue] Service initialized.
Discord Bridge: No token configured, skipping.
UrsaMU main server is running!
[CmdParser] Loaded system aliases: {
  help: "help",
  "@help": "help",
  name: "name",
  search: "search",
  stats: "search",
  moniker: "moniker",
  lock: "lock",
  unlock: "lock",
  toad: "admin",
  newpassword: "admin",
  newpass: "admin",
  chown: "admin",
  site: "admin",
  reboot: "admin",
  restart: "admin",
  shutdown: "admin",
  nameformat: "format",
  descformat: "format",
  conformat: "format",
  exitformat: "format",
  setAttr: "setAttr",
  create: "create",
  alias: "alias",
  desc: "describe",
  "mail/send": "mail",
  "mail/read": "mail",
  "mail/delete": "mail",
  "mail/quick": "mail",
  "mail/proof": "mail",
  "mail/edit": "mail",
  "mail/abort": "mail",
  "mail/cc": "mail",
  "mail/bcc": "mail",
  "mail/reply": "mail",
  "mail/notify": "mail",
  "mail/replyall": "mail",
  "mail/forward": "mail",
  "mail/subject": "mail"
}
[0m[38;5;12mWatcher[0m [0m[38;5;245mRestarting! File change detected: "/Users/kumakun/github/ursamu/src/services/Sandbox/SandboxService.ts"[0m
Configuration loaded from /Users/kumakun/github/ursamu/config/config.json
Configuration saved to /Users/kumakun/github/ursamu/config/config.json
Loading plugin from /Users/kumakun/github/ursamu/src/plugins/example/index.ts
Configuration saved to /Users/kumakun/github/ursamu/config/config.json
Plugin example v1.0.0 loaded
Listening on http://0.0.0.0:4203/ (http://localhost:4203/)
Initializing example plugin...
Example plugin is disabled
Plugin example initialized successfully.
Checking for existing rooms...
Opening KV database at: data/ursamu.db
Found 4 rooms
Checking counter...
Checking for channels...
Found 2 channels
Server started on port 4203 (HTTP & WebSockets).
[Queue] Service initialized.
Discord Bridge: No token configured, skipping.
UrsaMU main server is running!
[CmdParser] Loaded system aliases: {
  help: "help",
  "@help": "help",
  name: "name",
  search: "search",
  stats: "search",
  moniker: "moniker",
  lock: "lock",
  unlock: "lock",
  toad: "admin",
  newpassword: "admin",
  newpass: "admin",
  chown: "admin",
  site: "admin",
  reboot: "admin",
  restart: "admin",
  shutdown: "admin",
  nameformat: "format",
  descformat: "format",
  conformat: "format",
  exitformat: "format",
  setAttr: "setAttr",
  create: "create",
  alias: "alias",
  desc: "describe",
  "mail/send": "mail",
  "mail/read": "mail",
  "mail/delete": "mail",
  "mail/quick": "mail",
  "mail/proof": "mail",
  "mail/edit": "mail",
  "mail/abort": "mail",
  "mail/cc": "mail",
  "mail/bcc": "mail",
  "mail/reply": "mail",
  "mail/notify": "mail",
  "mail/replyall": "mail",
  "mail/forward": "mail",
  "mail/subject": "mail"
}
[0m[38;5;12mWatcher[0m [0m[38;5;245mRestarting! File change detected: "/Users/kumakun/github/ursamu/src/services/Sandbox/worker.ts"[0m
Configuration loaded from /Users/kumakun/github/ursamu/config/config.json
Configuration saved to /Users/kumakun/github/ursamu/config/config.json
Loading plugin from /Users/kumakun/github/ursamu/src/plugins/example/index.ts
Configuration saved to /Users/kumakun/github/ursamu/config/config.json
Plugin example v1.0.0 loaded
Listening on http://0.0.0.0:4203/ (http://localhost:4203/)
Initializing example plugin...
Example plugin is disabled
Plugin example initialized successfully.
Checking for existing rooms...
Opening KV database at: data/ursamu.db
Found 4 rooms
Checking counter...
Checking for channels...
Found 2 channels
Server started on port 4203 (HTTP & WebSockets).
[Queue] Service initialized.
Discord Bridge: No token configured, skipping.
UrsaMU main server is running!
[CmdParser] Loaded system aliases: {
  help: "help",
  "@help": "help",
  name: "name",
  search: "search",
  stats: "search",
  moniker: "moniker",
  lock: "lock",
  unlock: "lock",
  toad: "admin",
  newpassword: "admin",
  newpass: "admin",
  chown: "admin",
  site: "admin",
  reboot: "admin",
  restart: "admin",
  shutdown: "admin",
  nameformat: "format",
  descformat: "format",
  conformat: "format",
  exitformat: "format",
  setAttr: "setAttr",
  create: "create",
  alias: "alias",
  desc: "describe",
  "mail/send": "mail",
  "mail/read": "mail",
  "mail/delete": "mail",
  "mail/quick": "mail",
  "mail/proof": "mail",
  "mail/edit": "mail",
  "mail/abort": "mail",
  "mail/cc": "mail",
  "mail/bcc": "mail",
  "mail/reply": "mail",
  "mail/notify": "mail",
  "mail/replyall": "mail",
  "mail/forward": "mail",
  "mail/subject": "mail"
}
[0m[38;5;12mWatcher[0m [0m[38;5;245mRestarting! File change detected: "/Users/kumakun/github/ursamu/src/services/Sandbox/worker.ts"[0m
Configuration loaded from /Users/kumakun/github/ursamu/config/config.json
Configuration saved to /Users/kumakun/github/ursamu/config/config.json
Loading plugin from /Users/kumakun/github/ursamu/src/plugins/example/index.ts
Configuration saved to /Users/kumakun/github/ursamu/config/config.json
Plugin example v1.0.0 loaded
Listening on http://0.0.0.0:4203/ (http://localhost:4203/)
Initializing example plugin...
Example plugin is disabled
Plugin example initialized successfully.
Checking for existing rooms...
Opening KV database at: data/ursamu.db
Found 4 rooms
Checking counter...
Checking for channels...
Found 2 channels
Server started on port 4203 (HTTP & WebSockets).
[Queue] Service initialized.
Discord Bridge: No token configured, skipping.
UrsaMU main server is running!
[CmdParser] Loaded system aliases: {
  help: "help",
  "@help": "help",
  name: "name",
  search: "search",
  stats: "search",
  moniker: "moniker",
  lock: "lock",
  unlock: "lock",
  toad: "admin",
  newpassword: "admin",
  newpass: "admin",
  chown: "admin",
  site: "admin",
  reboot: "admin",
  restart: "admin",
  shutdown: "admin",
  nameformat: "format",
  descformat: "format",
  conformat: "format",
  exitformat: "format",
  setAttr: "setAttr",
  create: "create",
  alias: "alias",
  desc: "describe",
  "mail/send": "mail",
  "mail/read": "mail",
  "mail/delete": "mail",
  "mail/quick": "mail",
  "mail/proof": "mail",
  "mail/edit": "mail",
  "mail/abort": "mail",
  "mail/cc": "mail",
  "mail/bcc": "mail",
  "mail/reply": "mail",
  "mail/notify": "mail",
  "mail/replyall": "mail",
  "mail/forward": "mail",
  "mail/subject": "mail"
}
New WebSocket connection established (telnet)
Obj.get called with:  string
Obj.get called with:  string
Found by string (name): 1
Found by string (name): 1
[CmdParser] System script execution failed for connect: Error: Script execution timed out
    at file:///Users/kumakun/github/ursamu/src/services/Sandbox/SandboxService.ts:568:47
    at callback (ext:deno_web/02_timers.js:42:7)
    at eventLoopTick (ext:core/01_core.js:223:13)
Obj.get called with: 1 string
Found by string (name): 1
Obj.get called with: 10 string
Found by string (name): 10
Obj.get called with: 1 string
Found by string (name): 1
Obj.get called with: 1 string
Found by string (name): 1
Obj.get called with: 10 string
Found by string (name): 10
Obj.get called with: 1 string
Found by string (name): 1
Obj.get called with: 1 string
Found by string (name): 1
Obj.get called with: 10 string
Found by string (name): 10
Obj.get called with: 1 string
Found by string (name): 1
New WebSocket connection established (telnet)
Obj.get called with:  string
Obj.get called with:  string
Found by string (name): 1
Found by string (name): 1
[CmdParser] System script execution failed for connect: Error: Script execution timed out
    at file:///Users/kumakun/github/ursamu/src/services/Sandbox/SandboxService.ts:568:47
    at callback (ext:deno_web/02_timers.js:42:7)
    at eventLoopTick (ext:core/01_core.js:223:13)
Obj.get called with: 1 string
Found by string (name): 1
Obj.get called with: 10 string
Found by string (name): 10
Obj.get called with: 1 string
Found by string (name): 1
Obj.get called with: 1 string
Found by string (name): 1
Obj.get called with: 10 string
Found by string (name): 10
Obj.get called with: 1 string
Found by string (name): 1
Obj.get called with: 1 string
Found by string (name): 1
Obj.get called with: 10 string
Found by string (name): 10
Obj.get called with: 1 string
Found by string (name): 1
[0m[38;5;12mWatcher[0m [0m[38;5;245mRestarting! File change detected: "/Users/kumakun/github/ursamu/src/commands/mail.ts"[0m
Configuration loaded from /Users/kumakun/github/ursamu/config/config.json
Configuration saved to /Users/kumakun/github/ursamu/config/config.json
Loading plugin from /Users/kumakun/github/ursamu/src/plugins/example/index.ts
Configuration saved to /Users/kumakun/github/ursamu/config/config.json
Plugin example v1.0.0 loaded
Listening on http://0.0.0.0:4203/ (http://localhost:4203/)
Initializing example plugin...
Example plugin is disabled
Plugin example initialized successfully.
Checking for existing rooms...
Opening KV database at: data/ursamu.db
Found 4 rooms
Checking counter...
Checking for channels...
Found 2 channels
Server started on port 4203 (HTTP & WebSockets).
[Queue] Service initialized.
Discord Bridge: No token configured, skipping.
UrsaMU main server is running!
[CmdParser] Loaded system aliases: {
  name: "name",
  search: "search",
  stats: "search",
  moniker: "moniker",
  lock: "lock",
  unlock: "lock",
  toad: "admin",
  newpassword: "admin",
  newpass: "admin",
  chown: "admin",
  site: "admin",
  reboot: "admin",
  restart: "admin",
  shutdown: "admin",
  nameformat: "format",
  descformat: "format",
  conformat: "format",
  exitformat: "format",
  setAttr: "setAttr",
  alias: "alias",
  desc: "describe",
  "mail/send": "mail",
  "mail/read": "mail",
  "mail/delete": "mail",
  "mail/quick": "mail",
  "mail/proof": "mail",
  "mail/edit": "mail",
  "mail/abort": "mail",
  "mail/cc": "mail",
  "mail/bcc": "mail",
  "mail/reply": "mail",
  "mail/notify": "mail",
  "mail/replyall": "mail",
  "mail/forward": "mail",
  "mail/subject": "mail"
}
[0m[38;5;12mWatcher[0m [0m[38;5;245mRestarting! File change detected: "/Users/kumakun/github/ursamu/src/commands/index.ts"[0m
Configuration loaded from /Users/kumakun/github/ursamu/config/config.json
Configuration saved to /Users/kumakun/github/ursamu/config/config.json
Loading plugin from /Users/kumakun/github/ursamu/src/plugins/example/index.ts
Configuration saved to /Users/kumakun/github/ursamu/config/config.json
Plugin example v1.0.0 loaded
Listening on http://0.0.0.0:4203/ (http://localhost:4203/)
Initializing example plugin...
Example plugin is disabled
Plugin example initialized successfully.
Checking for existing rooms...
Opening KV database at: data/ursamu.db
Found 4 rooms
Checking counter...
Checking for channels...
Found 2 channels
Server started on port 4203 (HTTP & WebSockets).
[Queue] Service initialized.
Discord Bridge: No token configured, skipping.
UrsaMU main server is running!
[CmdParser] Loaded system aliases: {
  help: "help",
  "@help": "help",
  name: "name",
  search: "search",
  stats: "search",
  moniker: "moniker",
  lock: "lock",
  unlock: "lock",
  toad: "admin",
  newpassword: "admin",
  newpass: "admin",
  chown: "admin",
  site: "admin",
  reboot: "admin",
  restart: "admin",
  shutdown: "admin",
  nameformat: "format",
  descformat: "format",
  conformat: "format",
  exitformat: "format",
  setAttr: "setAttr",
  create: "create",
  alias: "alias",
  desc: "describe",
  "mail/send": "mail",
  "mail/read": "mail",
  "mail/delete": "mail",
  "mail/quick": "mail",
  "mail/proof": "mail",
  "mail/edit": "mail",
  "mail/abort": "mail",
  "mail/cc": "mail",
  "mail/bcc": "mail",
  "mail/reply": "mail",
  "mail/notify": "mail",
  "mail/replyall": "mail",
  "mail/forward": "mail",
  "mail/subject": "mail"
}
[0m[38;5;12mWatcher[0m [0m[38;5;245mRestarting! File change detected: "/Users/kumakun/github/ursamu/src/commands/mail.ts"[0m
Configuration loaded from /Users/kumakun/github/ursamu/config/config.json
Configuration saved to /Users/kumakun/github/ursamu/config/config.json
Loading plugin from /Users/kumakun/github/ursamu/src/plugins/example/index.ts
Configuration saved to /Users/kumakun/github/ursamu/config/config.json
Plugin example v1.0.0 loaded
Listening on http://0.0.0.0:4203/ (http://localhost:4203/)
Initializing example plugin...
Example plugin is disabled
Plugin example initialized successfully.
Checking for existing rooms...
Opening KV database at: data/ursamu.db
Found 4 rooms
Checking counter...
Checking for channels...
Found 2 channels
Server started on port 4203 (HTTP & WebSockets).
[Queue] Service initialized.
Discord Bridge: No token configured, skipping.
UrsaMU main server is running!
[CmdParser] Loaded system aliases: {
  name: "name",
  search: "search",
  stats: "search",
  moniker: "moniker",
  lock: "lock",
  unlock: "lock",
  toad: "admin",
  newpassword: "admin",
  newpass: "admin",
  chown: "admin",
  site: "admin",
  reboot: "admin",
  restart: "admin",
  shutdown: "admin",
  nameformat: "format",
  descformat: "format",
  conformat: "format",
  exitformat: "format",
  setAttr: "setAttr",
  alias: "alias",
  desc: "describe",
  "mail/send": "mail",
  "mail/read": "mail",
  "mail/delete": "mail",
  "mail/quick": "mail",
  "mail/proof": "mail",
  "mail/edit": "mail",
  "mail/abort": "mail",
  "mail/cc": "mail",
  "mail/bcc": "mail",
  "mail/reply": "mail",
  "mail/notify": "mail",
  "mail/replyall": "mail",
  "mail/forward": "mail",
  "mail/subject": "mail"
}
[0m[38;5;12mWatcher[0m [0m[38;5;245mRestarting! File change detected: "/Users/kumakun/github/ursamu/src/@types/UrsamuSDK.ts"[0m
Configuration loaded from /Users/kumakun/github/ursamu/config/config.json
Configuration saved to /Users/kumakun/github/ursamu/config/config.json
Loading plugin from /Users/kumakun/github/ursamu/src/plugins/example/index.ts
Configuration saved to /Users/kumakun/github/ursamu/config/config.json
Plugin example v1.0.0 loaded
Listening on http://0.0.0.0:4203/ (http://localhost:4203/)
Initializing example plugin...
Example plugin is disabled
Plugin example initialized successfully.
Checking for existing rooms...
Opening KV database at: data/ursamu.db
Found 4 rooms
Checking counter...
Checking for channels...
Found 2 channels
Server started on port 4203 (HTTP & WebSockets).
[Queue] Service initialized.
Discord Bridge: No token configured, skipping.
UrsaMU main server is running!
[CmdParser] Loaded system aliases: {
  name: "name",
  search: "search",
  stats: "search",
  moniker: "moniker",
  lock: "lock",
  unlock: "lock",
  toad: "admin",
  newpassword: "admin",
  newpass: "admin",
  chown: "admin",
  site: "admin",
  reboot: "admin",
  restart: "admin",
  shutdown: "admin",
  nameformat: "format",
  descformat: "format",
  conformat: "format",
  exitformat: "format",
  setAttr: "setAttr",
  alias: "alias",
  desc: "describe",
  "mail/send": "mail",
  "mail/read": "mail",
  "mail/delete": "mail",
  "mail/quick": "mail",
  "mail/proof": "mail",
  "mail/edit": "mail",
  "mail/abort": "mail",
  "mail/cc": "mail",
  "mail/bcc": "mail",
  "mail/reply": "mail",
  "mail/notify": "mail",
  "mail/replyall": "mail",
  "mail/forward": "mail",
  "mail/subject": "mail"
}
[0m[38;5;12mWatcher[0m [0m[38;5;245mRestarting! File change detected: "/Users/kumakun/github/ursamu/src/services/Sandbox/worker.ts"[0m
Configuration loaded from /Users/kumakun/github/ursamu/config/config.json
Configuration saved to /Users/kumakun/github/ursamu/config/config.json
Loading plugin from /Users/kumakun/github/ursamu/src/plugins/example/index.ts
Configuration saved to /Users/kumakun/github/ursamu/config/config.json
Plugin example v1.0.0 loaded
Listening on http://0.0.0.0:4203/ (http://localhost:4203/)
Initializing example plugin...
Example plugin is disabled
Plugin example initialized successfully.
Checking for existing rooms...
Opening KV database at: data/ursamu.db
Found 4 rooms
Checking counter...
Checking for channels...
Found 2 channels
Server started on port 4203 (HTTP & WebSockets).
[Queue] Service initialized.
Discord Bridge: No token configured, skipping.
UrsaMU main server is running!
[CmdParser] Loaded system aliases: {
  name: "name",
  search: "search",
  stats: "search",
  moniker: "moniker",
  lock: "lock",
  unlock: "lock",
  toad: "admin",
  newpassword: "admin",
  newpass: "admin",
  chown: "admin",
  site: "admin",
  reboot: "admin",
  restart: "admin",
  shutdown: "admin",
  nameformat: "format",
  descformat: "format",
  conformat: "format",
  exitformat: "format",
  setAttr: "setAttr",
  alias: "alias",
  desc: "describe",
  "mail/send": "mail",
  "mail/read": "mail",
  "mail/delete": "mail",
  "mail/quick": "mail",
  "mail/proof": "mail",
  "mail/edit": "mail",
  "mail/abort": "mail",
  "mail/cc": "mail",
  "mail/bcc": "mail",
  "mail/reply": "mail",
  "mail/notify": "mail",
  "mail/replyall": "mail",
  "mail/forward": "mail",
  "mail/subject": "mail"
}
[0m[38;5;12mWatcher[0m [0m[38;5;245mRestarting! File change detected: "/Users/kumakun/github/ursamu/src/services/Sandbox/SandboxService.ts"[0m
Configuration loaded from /Users/kumakun/github/ursamu/config/config.json
Configuration saved to /Users/kumakun/github/ursamu/config/config.json
Loading plugin from /Users/kumakun/github/ursamu/src/plugins/example/index.ts
Configuration saved to /Users/kumakun/github/ursamu/config/config.json
Plugin example v1.0.0 loaded
Listening on http://0.0.0.0:4203/ (http://localhost:4203/)
Initializing example plugin...
Example plugin is disabled
Plugin example initialized successfully.
Checking for existing rooms...
Opening KV database at: data/ursamu.db
Found 4 rooms
Checking counter...
Checking for channels...
Found 2 channels
Server started on port 4203 (HTTP & WebSockets).
[Queue] Service initialized.
Discord Bridge: No token configured, skipping.
UrsaMU main server is running!
[CmdParser] Loaded system aliases: {
  name: "name",
  search: "search",
  stats: "search",
  moniker: "moniker",
  lock: "lock",
  unlock: "lock",
  toad: "admin",
  newpassword: "admin",
  newpass: "admin",
  chown: "admin",
  site: "admin",
  reboot: "admin",
  restart: "admin",
  shutdown: "admin",
  nameformat: "format",
  descformat: "format",
  conformat: "format",
  exitformat: "format",
  setAttr: "setAttr",
  alias: "alias",
  desc: "describe",
  "mail/send": "mail",
  "mail/read": "mail",
  "mail/delete": "mail",
  "mail/quick": "mail",
  "mail/proof": "mail",
  "mail/edit": "mail",
  "mail/abort": "mail",
  "mail/cc": "mail",
  "mail/bcc": "mail",
  "mail/reply": "mail",
  "mail/notify": "mail",
  "mail/replyall": "mail",
  "mail/forward": "mail",
  "mail/subject": "mail"
}
[0m[38;5;12mWatcher[0m [0m[38;5;245mRestarting! File change detected: "/Users/kumakun/github/ursamu/src/services/Sandbox/SandboxService.ts"[0m
Configuration loaded from /Users/kumakun/github/ursamu/config/config.json
Configuration saved to /Users/kumakun/github/ursamu/config/config.json
Loading plugin from /Users/kumakun/github/ursamu/src/plugins/example/index.ts
Configuration saved to /Users/kumakun/github/ursamu/config/config.json
Plugin example v1.0.0 loaded
Listening on http://0.0.0.0:4203/ (http://localhost:4203/)
Initializing example plugin...
Example plugin is disabled
Plugin example initialized successfully.
Checking for existing rooms...
Opening KV database at: data/ursamu.db
Found 4 rooms
Checking counter...
Checking for channels...
Found 2 channels
Server started on port 4203 (HTTP & WebSockets).
[Queue] Service initialized.
Discord Bridge: No token configured, skipping.
UrsaMU main server is running!
[CmdParser] Loaded system aliases: {
  name: "name",
  search: "search",
  stats: "search",
  moniker: "moniker",
  lock: "lock",
  unlock: "lock",
  toad: "admin",
  newpassword: "admin",
  newpass: "admin",
  chown: "admin",
  site: "admin",
  reboot: "admin",
  restart: "admin",
  shutdown: "admin",
  nameformat: "format",
  descformat: "format",
  conformat: "format",
  exitformat: "format",
  setAttr: "setAttr",
  alias: "alias",
  desc: "describe",
  "mail/send": "mail",
  "mail/read": "mail",
  "mail/delete": "mail",
  "mail/quick": "mail",
  "mail/proof": "mail",
  "mail/edit": "mail",
  "mail/abort": "mail",
  "mail/cc": "mail",
  "mail/bcc": "mail",
  "mail/reply": "mail",
  "mail/notify": "mail",
  "mail/replyall": "mail",
  "mail/forward": "mail",
  "mail/subject": "mail"
}
[0m[38;5;12mWatcher[0m [0m[38;5;245mRestarting! File change detected: "/Users/kumakun/github/ursamu/src/services/Sandbox/worker.ts"[0m
Configuration loaded from /Users/kumakun/github/ursamu/config/config.json
Configuration saved to /Users/kumakun/github/ursamu/config/config.json
Loading plugin from /Users/kumakun/github/ursamu/src/plugins/example/index.ts
Configuration saved to /Users/kumakun/github/ursamu/config/config.json
Plugin example v1.0.0 loaded
Listening on http://0.0.0.0:4203/ (http://localhost:4203/)
Initializing example plugin...
Example plugin is disabled
Plugin example initialized successfully.
Checking for existing rooms...
Opening KV database at: data/ursamu.db
Found 4 rooms
Checking counter...
Checking for channels...
Found 2 channels
Server started on port 4203 (HTTP & WebSockets).
[Queue] Service initialized.
Discord Bridge: No token configured, skipping.
UrsaMU main server is running!
[CmdParser] Loaded system aliases: {
  name: "name",
  search: "search",
  stats: "search",
  moniker: "moniker",
  lock: "lock",
  unlock: "lock",
  toad: "admin",
  newpassword: "admin",
  newpass: "admin",
  chown: "admin",
  site: "admin",
  reboot: "admin",
  restart: "admin",
  shutdown: "admin",
  nameformat: "format",
  descformat: "format",
  conformat: "format",
  exitformat: "format",
  setAttr: "setAttr",
  alias: "alias",
  desc: "describe",
  "mail/send": "mail",
  "mail/read": "mail",
  "mail/delete": "mail",
  "mail/quick": "mail",
  "mail/proof": "mail",
  "mail/edit": "mail",
  "mail/abort": "mail",
  "mail/cc": "mail",
  "mail/bcc": "mail",
  "mail/reply": "mail",
  "mail/notify": "mail",
  "mail/replyall": "mail",
  "mail/forward": "mail",
  "mail/subject": "mail"
}
[0m[38;5;12mWatcher[0m [0m[38;5;245mRestarting! File change detected: "/Users/kumakun/github/ursamu/src/services/Sandbox/worker.ts"[0m
Configuration loaded from /Users/kumakun/github/ursamu/config/config.json
Configuration saved to /Users/kumakun/github/ursamu/config/config.json
Loading plugin from /Users/kumakun/github/ursamu/src/plugins/example/index.ts
Configuration saved to /Users/kumakun/github/ursamu/config/config.json
Plugin example v1.0.0 loaded
Listening on http://0.0.0.0:4203/ (http://localhost:4203/)
Initializing example plugin...
Example plugin is disabled
Plugin example initialized successfully.
Checking for existing rooms...
Opening KV database at: data/ursamu.db
Found 4 rooms
Checking counter...
Checking for channels...
Found 2 channels
Server started on port 4203 (HTTP & WebSockets).
[Queue] Service initialized.
Discord Bridge: No token configured, skipping.
UrsaMU main server is running!
[CmdParser] Loaded system aliases: {
  name: "name",
  search: "search",
  stats: "search",
  moniker: "moniker",
  lock: "lock",
  unlock: "lock",
  toad: "admin",
  newpassword: "admin",
  newpass: "admin",
  chown: "admin",
  site: "admin",
  reboot: "admin",
  restart: "admin",
  shutdown: "admin",
  nameformat: "format",
  descformat: "format",
  conformat: "format",
  exitformat: "format",
  setAttr: "setAttr",
  alias: "alias",
  desc: "describe",
  "mail/send": "mail",
  "mail/read": "mail",
  "mail/delete": "mail",
  "mail/quick": "mail",
  "mail/proof": "mail",
  "mail/edit": "mail",
  "mail/abort": "mail",
  "mail/cc": "mail",
  "mail/bcc": "mail",
  "mail/reply": "mail",
  "mail/notify": "mail",
  "mail/replyall": "mail",
  "mail/forward": "mail",
  "mail/subject": "mail"
}
[0m[38;5;12mWatcher[0m [0m[38;5;245mRestarting! File change detected: "/Users/kumakun/github/ursamu/src/services/Database/index.ts"[0m
Configuration loaded from /Users/kumakun/github/ursamu/config/config.json
Configuration saved to /Users/kumakun/github/ursamu/config/config.json
Loading plugin from /Users/kumakun/github/ursamu/src/plugins/example/index.ts
Configuration saved to /Users/kumakun/github/ursamu/config/config.json
Plugin example v1.0.0 loaded
Listening on http://0.0.0.0:4203/ (http://localhost:4203/)
Initializing example plugin...
Example plugin is disabled
Plugin example initialized successfully.
Checking for existing rooms...
Opening KV database at: data/ursamu.db
Found 4 rooms
Checking counter...
Checking for channels...
Found 2 channels
Server started on port 4203 (HTTP & WebSockets).
[Queue] Service initialized.
Discord Bridge: No token configured, skipping.
UrsaMU main server is running!
[CmdParser] Loaded system aliases: {
  name: "name",
  search: "search",
  stats: "search",
  moniker: "moniker",
  lock: "lock",
  unlock: "lock",
  toad: "admin",
  newpassword: "admin",
  newpass: "admin",
  chown: "admin",
  site: "admin",
  reboot: "admin",
  restart: "admin",
  shutdown: "admin",
  nameformat: "format",
  descformat: "format",
  conformat: "format",
  exitformat: "format",
  setAttr: "setAttr",
  alias: "alias",
  desc: "describe",
  "mail/send": "mail",
  "mail/read": "mail",
  "mail/delete": "mail",
  "mail/quick": "mail",
  "mail/proof": "mail",
  "mail/edit": "mail",
  "mail/abort": "mail",
  "mail/cc": "mail",
  "mail/bcc": "mail",
  "mail/reply": "mail",
  "mail/notify": "mail",
  "mail/replyall": "mail",
  "mail/forward": "mail",
  "mail/subject": "mail"
}
[0m[38;5;12mWatcher[0m [0m[38;5;245mRestarting! File change detected: "/Users/kumakun/github/ursamu/src/services/Sandbox/SDKService.ts"[0m
Configuration loaded from /Users/kumakun/github/ursamu/config/config.json
Configuration saved to /Users/kumakun/github/ursamu/config/config.json
Loading plugin from /Users/kumakun/github/ursamu/src/plugins/example/index.ts
Configuration saved to /Users/kumakun/github/ursamu/config/config.json
Plugin example v1.0.0 loaded
Listening on http://0.0.0.0:4203/ (http://localhost:4203/)
Initializing example plugin...
Example plugin is disabled
Plugin example initialized successfully.
Checking for existing rooms...
Opening KV database at: data/ursamu.db
Found 4 rooms
Checking counter...
Checking for channels...
Found 2 channels
Server started on port 4203 (HTTP & WebSockets).
[Queue] Service initialized.
Discord Bridge: No token configured, skipping.
UrsaMU main server is running!
[CmdParser] Loaded system aliases: {
  name: "name",
  search: "search",
  stats: "search",
  moniker: "moniker",
  lock: "lock",
  unlock: "lock",
  toad: "admin",
  newpassword: "admin",
  newpass: "admin",
  chown: "admin",
  site: "admin",
  reboot: "admin",
  restart: "admin",
  shutdown: "admin",
  nameformat: "format",
  descformat: "format",
  conformat: "format",
  exitformat: "format",
  setAttr: "setAttr",
  alias: "alias",
  desc: "describe",
  "mail/send": "mail",
  "mail/read": "mail",
  "mail/delete": "mail",
  "mail/quick": "mail",
  "mail/proof": "mail",
  "mail/edit": "mail",
  "mail/abort": "mail",
  "mail/cc": "mail",
  "mail/bcc": "mail",
  "mail/reply": "mail",
  "mail/notify": "mail",
  "mail/replyall": "mail",
  "mail/forward": "mail",
  "mail/subject": "mail"
}
New WebSocket connection established (telnet)
Obj.get called with:  string
Obj.get called with:  string
Found by string (name): 1
Found by string (name): 1
Obj.get called with: 1 string
Found by string (name): 1
Obj.get called with: 10 string
Found by string (name): 10
Obj.get called with: 1 string
Found by string (name): 1
Obj.get called with: 1 string
Found by string (name): 1
Obj.get called with: 10 string
Found by string (name): 10
Obj.get called with: 1 string
Found by string (name): 1
Obj.get called with: 1 string
Found by string (name): 1
Obj.get called with: 10 string
Found by string (name): 10
Obj.get called with: 1 string
Found by string (name): 1
New WebSocket connection established (telnet)
Obj.get called with:  string
Obj.get called with:  string
Found by string (name): 1
Found by string (name): 1
Obj.get called with: 1 string
Found by string (name): 1
Obj.get called with: 10 string
Found by string (name): 10
Obj.get called with: 1 string
Found by string (name): 1
Obj.get called with: 1 string
Found by string (name): 1
Obj.get called with: 10 string
Found by string (name): 10
Obj.get called with: 1 string
Found by string (name): 1
Obj.get called with: 1 string
Found by string (name): 1
Obj.get called with: 10 string
Found by string (name): 10
Obj.get called with: 1 string
Found by string (name): 1
New WebSocket connection established (telnet)
Obj.get called with:  string
Obj.get called with:  string
Found by string (name): 1
Found by string (name): 1
Obj.get called with: 1 string
Found by string (name): 1
Obj.get called with: 10 string
Found by string (name): 10
Obj.get called with: 1 string
Found by string (name): 1
Obj.get called with: 1 string
Found by string (name): 1
Obj.get called with: 10 string
Found by string (name): 10
Obj.get called with: 1 string
Found by string (name): 1
Obj.get called with: 1 string
Found by string (name): 1
Obj.get called with: 10 string
Found by string (name): 10
Obj.get called with: 1 string
Found by string (name): 1
[0m[38;5;12mWatcher[0m [0m[38;5;245mRestarting! File change detected: "/Users/kumakun/github/ursamu/deno.json"[0m
Configuration loaded from /Users/kumakun/github/ursamu/config/config.json
Configuration saved to /Users/kumakun/github/ursamu/config/config.json
Loading plugin from /Users/kumakun/github/ursamu/src/plugins/example/index.ts
Configuration saved to /Users/kumakun/github/ursamu/config/config.json
Plugin example v1.0.0 loaded
Listening on http://0.0.0.0:4203/ (http://localhost:4203/)
Initializing example plugin...
Example plugin is disabled
Plugin example initialized successfully.
Checking for existing rooms...
Opening KV database at: data/ursamu.db
Found 4 rooms
Checking counter...
Checking for channels...
Found 2 channels
Server started on port 4203 (HTTP & WebSockets).
[Queue] Service initialized.
Discord Bridge: No token configured, skipping.
UrsaMU main server is running!
[CmdParser] Loaded system aliases: {
  name: "name",
  search: "search",
  stats: "search",
  moniker: "moniker",
  lock: "lock",
  unlock: "lock",
  toad: "admin",
  newpassword: "admin",
  newpass: "admin",
  chown: "admin",
  site: "admin",
  reboot: "admin",
  restart: "admin",
  shutdown: "admin",
  nameformat: "format",
  descformat: "format",
  conformat: "format",
  exitformat: "format",
  setAttr: "setAttr",
  alias: "alias",
  desc: "describe",
  "mail/send": "mail",
  "mail/read": "mail",
  "mail/delete": "mail",
  "mail/quick": "mail",
  "mail/proof": "mail",
  "mail/edit": "mail",
  "mail/abort": "mail",
  "mail/cc": "mail",
  "mail/bcc": "mail",
  "mail/reply": "mail",
  "mail/notify": "mail",
  "mail/replyall": "mail",
  "mail/forward": "mail",
  "mail/subject": "mail"
}
[0m[38;5;12mWatcher[0m [0m[38;5;245mRestarting! File change detected: "/Users/kumakun/github/ursamu/src/services/Sandbox/worker.ts"[0m
Configuration loaded from /Users/kumakun/github/ursamu/config/config.json
Configuration saved to /Users/kumakun/github/ursamu/config/config.json
Loading plugin from /Users/kumakun/github/ursamu/src/plugins/example/index.ts
Configuration saved to /Users/kumakun/github/ursamu/config/config.json
Plugin example v1.0.0 loaded
Listening on http://0.0.0.0:4203/ (http://localhost:4203/)
Initializing example plugin...
Example plugin is disabled
Plugin example initialized successfully.
Checking for existing rooms...
Opening KV database at: data/ursamu.db
Found 4 rooms
Checking counter...
Checking for channels...
Found 2 channels
Server started on port 4203 (HTTP & WebSockets).
[Queue] Service initialized.
Discord Bridge: No token configured, skipping.
UrsaMU main server is running!
[CmdParser] Loaded system aliases: {
  name: "name",
  search: "search",
  stats: "search",
  moniker: "moniker",
  lock: "lock",
  unlock: "lock",
  toad: "admin",
  newpassword: "admin",
  newpass: "admin",
  chown: "admin",
  site: "admin",
  reboot: "admin",
  restart: "admin",
  shutdown: "admin",
  nameformat: "format",
  descformat: "format",
  conformat: "format",
  exitformat: "format",
  setAttr: "setAttr",
  alias: "alias",
  desc: "describe",
  "mail/send": "mail",
  "mail/read": "mail",
  "mail/delete": "mail",
  "mail/quick": "mail",
  "mail/proof": "mail",
  "mail/edit": "mail",
  "mail/abort": "mail",
  "mail/cc": "mail",
  "mail/bcc": "mail",
  "mail/reply": "mail",
  "mail/notify": "mail",
  "mail/replyall": "mail",
  "mail/forward": "mail",
  "mail/subject": "mail"
}
[0m[38;5;12mWatcher[0m [0m[38;5;245mRestarting! File change detected: "/Users/kumakun/github/ursamu/src/services/Sandbox/worker.ts"[0m
Configuration loaded from /Users/kumakun/github/ursamu/config/config.json
Configuration saved to /Users/kumakun/github/ursamu/config/config.json
Loading plugin from /Users/kumakun/github/ursamu/src/plugins/example/index.ts
Configuration saved to /Users/kumakun/github/ursamu/config/config.json
Plugin example v1.0.0 loaded
Listening on http://0.0.0.0:4203/ (http://localhost:4203/)
Initializing example plugin...
Example plugin is disabled
Plugin example initialized successfully.
Checking for existing rooms...
Opening KV database at: data/ursamu.db
Found 4 rooms
Checking counter...
Checking for channels...
Found 2 channels
Server started on port 4203 (HTTP & WebSockets).
[Queue] Service initialized.
Discord Bridge: No token configured, skipping.
UrsaMU main server is running!
[CmdParser] Loaded system aliases: {
  name: "name",
  search: "search",
  stats: "search",
  moniker: "moniker",
  lock: "lock",
  unlock: "lock",
  toad: "admin",
  newpassword: "admin",
  newpass: "admin",
  chown: "admin",
  site: "admin",
  reboot: "admin",
  restart: "admin",
  shutdown: "admin",
  nameformat: "format",
  descformat: "format",
  conformat: "format",
  exitformat: "format",
  setAttr: "setAttr",
  alias: "alias",
  desc: "describe",
  "mail/send": "mail",
  "mail/read": "mail",
  "mail/delete": "mail",
  "mail/quick": "mail",
  "mail/proof": "mail",
  "mail/edit": "mail",
  "mail/abort": "mail",
  "mail/cc": "mail",
  "mail/bcc": "mail",
  "mail/reply": "mail",
  "mail/notify": "mail",
  "mail/replyall": "mail",
  "mail/forward": "mail",
  "mail/subject": "mail"
}
[0m[38;5;12mWatcher[0m [0m[38;5;245mRestarting! File change detected: "/Users/kumakun/github/ursamu/src/services/Sandbox/worker.ts"[0m
Configuration loaded from /Users/kumakun/github/ursamu/config/config.json
Configuration saved to /Users/kumakun/github/ursamu/config/config.json
Loading plugin from /Users/kumakun/github/ursamu/src/plugins/example/index.ts
Configuration saved to /Users/kumakun/github/ursamu/config/config.json
Plugin example v1.0.0 loaded
Listening on http://0.0.0.0:4203/ (http://localhost:4203/)
Initializing example plugin...
Example plugin is disabled
Plugin example initialized successfully.
Checking for existing rooms...
Opening KV database at: data/ursamu.db
Found 4 rooms
Checking counter...
Checking for channels...
Found 2 channels
Server started on port 4203 (HTTP & WebSockets).
[Queue] Service initialized.
Discord Bridge: No token configured, skipping.
UrsaMU main server is running!
[CmdParser] Loaded system aliases: {
  name: "name",
  search: "search",
  stats: "search",
  moniker: "moniker",
  lock: "lock",
  unlock: "lock",
  toad: "admin",
  newpassword: "admin",
  newpass: "admin",
  chown: "admin",
  site: "admin",
  reboot: "admin",
  restart: "admin",
  shutdown: "admin",
  nameformat: "format",
  descformat: "format",
  conformat: "format",
  exitformat: "format",
  setAttr: "setAttr",
  alias: "alias",
  desc: "describe",
  "mail/send": "mail",
  "mail/read": "mail",
  "mail/delete": "mail",
  "mail/quick": "mail",
  "mail/proof": "mail",
  "mail/edit": "mail",
  "mail/abort": "mail",
  "mail/cc": "mail",
  "mail/bcc": "mail",
  "mail/reply": "mail",
  "mail/notify": "mail",
  "mail/replyall": "mail",
  "mail/forward": "mail",
  "mail/subject": "mail"
}
[0m[38;5;12mWatcher[0m [0m[38;5;245mRestarting! File change detected: "/Users/kumakun/github/ursamu/src/services/Sandbox/worker.ts"[0m
Configuration loaded from /Users/kumakun/github/ursamu/config/config.json
Configuration saved to /Users/kumakun/github/ursamu/config/config.json
Loading plugin from /Users/kumakun/github/ursamu/src/plugins/example/index.ts
Configuration saved to /Users/kumakun/github/ursamu/config/config.json
Plugin example v1.0.0 loaded
Listening on http://0.0.0.0:4203/ (http://localhost:4203/)
Initializing example plugin...
Example plugin is disabled
Plugin example initialized successfully.
Checking for existing rooms...
Opening KV database at: data/ursamu.db
Found 4 rooms
Checking counter...
Checking for channels...
Found 2 channels
Server started on port 4203 (HTTP & WebSockets).
[Queue] Service initialized.
Discord Bridge: No token configured, skipping.
UrsaMU main server is running!
[CmdParser] Loaded system aliases: {
  name: "name",
  search: "search",
  stats: "search",
  moniker: "moniker",
  lock: "lock",
  unlock: "lock",
  toad: "admin",
  newpassword: "admin",
  newpass: "admin",
  chown: "admin",
  site: "admin",
  reboot: "admin",
  restart: "admin",
  shutdown: "admin",
  nameformat: "format",
  descformat: "format",
  conformat: "format",
  exitformat: "format",
  setAttr: "setAttr",
  alias: "alias",
  desc: "describe",
  "mail/send": "mail",
  "mail/read": "mail",
  "mail/delete": "mail",
  "mail/quick": "mail",
  "mail/proof": "mail",
  "mail/edit": "mail",
  "mail/abort": "mail",
  "mail/cc": "mail",
  "mail/bcc": "mail",
  "mail/reply": "mail",
  "mail/notify": "mail",
  "mail/replyall": "mail",
  "mail/forward": "mail",
  "mail/subject": "mail"
}
[0m[38;5;12mWatcher[0m [0m[38;5;245mRestarting! File change detected: "/Users/kumakun/github/ursamu/src/services/Sandbox/worker.ts"[0m
Configuration loaded from /Users/kumakun/github/ursamu/config/config.json
Configuration saved to /Users/kumakun/github/ursamu/config/config.json
Loading plugin from /Users/kumakun/github/ursamu/src/plugins/example/index.ts
Configuration saved to /Users/kumakun/github/ursamu/config/config.json
Plugin example v1.0.0 loaded
Listening on http://0.0.0.0:4203/ (http://localhost:4203/)
Initializing example plugin...
Example plugin is disabled
Plugin example initialized successfully.
Checking for existing rooms...
Opening KV database at: data/ursamu.db
Found 4 rooms
Checking counter...
Checking for channels...
Found 2 channels
Server started on port 4203 (HTTP & WebSockets).
[Queue] Service initialized.
Discord Bridge: No token configured, skipping.
UrsaMU main server is running!
[CmdParser] Loaded system aliases: {
  name: "name",
  search: "search",
  stats: "search",
  moniker: "moniker",
  lock: "lock",
  unlock: "lock",
  toad: "admin",
  newpassword: "admin",
  newpass: "admin",
  chown: "admin",
  site: "admin",
  reboot: "admin",
  restart: "admin",
  shutdown: "admin",
  nameformat: "format",
  descformat: "format",
  conformat: "format",
  exitformat: "format",
  setAttr: "setAttr",
  alias: "alias",
  desc: "describe",
  "mail/send": "mail",
  "mail/read": "mail",
  "mail/delete": "mail",
  "mail/quick": "mail",
  "mail/proof": "mail",
  "mail/edit": "mail",
  "mail/abort": "mail",
  "mail/cc": "mail",
  "mail/bcc": "mail",
  "mail/reply": "mail",
  "mail/notify": "mail",
  "mail/replyall": "mail",
  "mail/forward": "mail",
  "mail/subject": "mail"
}
[0m[38;5;12mWatcher[0m [0m[38;5;245mRestarting! File change detected: "/Users/kumakun/github/ursamu/system/scripts/dig.ts"[0m
Configuration loaded from /Users/kumakun/github/ursamu/config/config.json
Configuration saved to /Users/kumakun/github/ursamu/config/config.json
Loading plugin from /Users/kumakun/github/ursamu/src/plugins/example/index.ts
Configuration saved to /Users/kumakun/github/ursamu/config/config.json
Plugin example v1.0.0 loaded
Listening on http://0.0.0.0:4203/ (http://localhost:4203/)
Initializing example plugin...
Example plugin is disabled
Plugin example initialized successfully.
Checking for existing rooms...
Opening KV database at: data/ursamu.db
Found 4 rooms
Checking counter...
Checking for channels...
Found 2 channels
Server started on port 4203 (HTTP & WebSockets).
[Queue] Service initialized.
Discord Bridge: No token configured, skipping.
UrsaMU main server is running!
[CmdParser] Loaded system aliases: {
  name: "name",
  search: "search",
  stats: "search",
  moniker: "moniker",
  lock: "lock",
  unlock: "lock",
  toad: "admin",
  newpassword: "admin",
  newpass: "admin",
  chown: "admin",
  site: "admin",
  reboot: "admin",
  restart: "admin",
  shutdown: "admin",
  nameformat: "format",
  descformat: "format",
  conformat: "format",
  exitformat: "format",
  setAttr: "setAttr",
  alias: "alias",
  desc: "describe",
  "mail/send": "mail",
  "mail/read": "mail",
  "mail/delete": "mail",
  "mail/quick": "mail",
  "mail/proof": "mail",
  "mail/edit": "mail",
  "mail/abort": "mail",
  "mail/cc": "mail",
  "mail/bcc": "mail",
  "mail/reply": "mail",
  "mail/notify": "mail",
  "mail/replyall": "mail",
  "mail/forward": "mail",
  "mail/subject": "mail"
}
[0m[38;5;12mWatcher[0m [0m[38;5;245mRestarting! File change detected: "/Users/kumakun/github/ursamu/src/services/Sandbox/SDKService.ts"[0m
Configuration loaded from /Users/kumakun/github/ursamu/config/config.json
Configuration saved to /Users/kumakun/github/ursamu/config/config.json
Loading plugin from /Users/kumakun/github/ursamu/src/plugins/example/index.ts
Configuration saved to /Users/kumakun/github/ursamu/config/config.json
Plugin example v1.0.0 loaded
Listening on http://0.0.0.0:4203/ (http://localhost:4203/)
Initializing example plugin...
Example plugin is disabled
Plugin example initialized successfully.
Checking for existing rooms...
Opening KV database at: data/ursamu.db
Found 4 rooms
Checking counter...
Checking for channels...
Found 2 channels
Server started on port 4203 (HTTP & WebSockets).
[Queue] Service initialized.
Discord Bridge: No token configured, skipping.
UrsaMU main server is running!
[CmdParser] Loaded system aliases: {
  name: "name",
  search: "search",
  stats: "search",
  moniker: "moniker",
  lock: "lock",
  unlock: "lock",
  toad: "admin",
  newpassword: "admin",
  newpass: "admin",
  chown: "admin",
  site: "admin",
  reboot: "admin",
  restart: "admin",
  shutdown: "admin",
  nameformat: "format",
  descformat: "format",
  conformat: "format",
  exitformat: "format",
  setAttr: "setAttr",
  alias: "alias",
  desc: "describe",
  "mail/send": "mail",
  "mail/read": "mail",
  "mail/delete": "mail",
  "mail/quick": "mail",
  "mail/proof": "mail",
  "mail/edit": "mail",
  "mail/abort": "mail",
  "mail/cc": "mail",
  "mail/bcc": "mail",
  "mail/reply": "mail",
  "mail/notify": "mail",
  "mail/replyall": "mail",
  "mail/forward": "mail",
  "mail/subject": "mail"
}
[0m[38;5;12mWatcher[0m [0m[38;5;245mRestarting! File change detected: "/Users/kumakun/github/ursamu/src/services/Sandbox/SDKService.ts"[0m
Configuration loaded from /Users/kumakun/github/ursamu/config/config.json
Configuration saved to /Users/kumakun/github/ursamu/config/config.json
Loading plugin from /Users/kumakun/github/ursamu/src/plugins/example/index.ts
Configuration saved to /Users/kumakun/github/ursamu/config/config.json
Plugin example v1.0.0 loaded
Listening on http://0.0.0.0:4203/ (http://localhost:4203/)
Initializing example plugin...
Example plugin is disabled
Plugin example initialized successfully.
Checking for existing rooms...
Opening KV database at: data/ursamu.db
Found 4 rooms
Checking counter...
Checking for channels...
Found 2 channels
Server started on port 4203 (HTTP & WebSockets).
[Queue] Service initialized.
Discord Bridge: No token configured, skipping.
UrsaMU main server is running!
[CmdParser] Loaded system aliases: {
  name: "name",
  search: "search",
  stats: "search",
  moniker: "moniker",
  lock: "lock",
  unlock: "lock",
  toad: "admin",
  newpassword: "admin",
  newpass: "admin",
  chown: "admin",
  site: "admin",
  reboot: "admin",
  restart: "admin",
  shutdown: "admin",
  nameformat: "format",
  descformat: "format",
  conformat: "format",
  exitformat: "format",
  setAttr: "setAttr",
  alias: "alias",
  desc: "describe",
  "mail/send": "mail",
  "mail/read": "mail",
  "mail/delete": "mail",
  "mail/quick": "mail",
  "mail/proof": "mail",
  "mail/edit": "mail",
  "mail/abort": "mail",
  "mail/cc": "mail",
  "mail/bcc": "mail",
  "mail/reply": "mail",
  "mail/notify": "mail",
  "mail/replyall": "mail",
  "mail/forward": "mail",
  "mail/subject": "mail"
}
[0m[38;5;12mWatcher[0m [0m[38;5;245mRestarting! File change detected: "/Users/kumakun/github/ursamu/src/utils/target.ts"[0m
Configuration loaded from /Users/kumakun/github/ursamu/config/config.json
Configuration saved to /Users/kumakun/github/ursamu/config/config.json
Loading plugin from /Users/kumakun/github/ursamu/src/plugins/example/index.ts
Configuration saved to /Users/kumakun/github/ursamu/config/config.json
Plugin example v1.0.0 loaded
Listening on http://0.0.0.0:4203/ (http://localhost:4203/)
Initializing example plugin...
Example plugin is disabled
Plugin example initialized successfully.
Checking for existing rooms...
Opening KV database at: data/ursamu.db
Found 4 rooms
Checking counter...
Checking for channels...
Found 2 channels
Server started on port 4203 (HTTP & WebSockets).
[Queue] Service initialized.
Discord Bridge: No token configured, skipping.
UrsaMU main server is running!
[CmdParser] Loaded system aliases: {
  name: "name",
  search: "search",
  stats: "search",
  moniker: "moniker",
  lock: "lock",
  unlock: "lock",
  toad: "admin",
  newpassword: "admin",
  newpass: "admin",
  chown: "admin",
  site: "admin",
  reboot: "admin",
  restart: "admin",
  shutdown: "admin",
  nameformat: "format",
  descformat: "format",
  conformat: "format",
  exitformat: "format",
  setAttr: "setAttr",
  alias: "alias",
  desc: "describe",
  "mail/send": "mail",
  "mail/read": "mail",
  "mail/delete": "mail",
  "mail/quick": "mail",
  "mail/proof": "mail",
  "mail/edit": "mail",
  "mail/abort": "mail",
  "mail/cc": "mail",
  "mail/bcc": "mail",
  "mail/reply": "mail",
  "mail/notify": "mail",
  "mail/replyall": "mail",
  "mail/forward": "mail",
  "mail/subject": "mail"
}
[0m[38;5;12mWatcher[0m [0m[38;5;245mRestarting! File change detected: "/Users/kumakun/github/ursamu/system/scripts/name.ts"[0m
Configuration loaded from /Users/kumakun/github/ursamu/config/config.json
Configuration saved to /Users/kumakun/github/ursamu/config/config.json
Loading plugin from /Users/kumakun/github/ursamu/src/plugins/example/index.ts
Configuration saved to /Users/kumakun/github/ursamu/config/config.json
Plugin example v1.0.0 loaded
Listening on http://0.0.0.0:4203/ (http://localhost:4203/)
Initializing example plugin...
Example plugin is disabled
Plugin example initialized successfully.
Checking for existing rooms...
Opening KV database at: data/ursamu.db
Found 4 rooms
Checking counter...
Checking for channels...
Found 2 channels
Server started on port 4203 (HTTP & WebSockets).
[Queue] Service initialized.
Discord Bridge: No token configured, skipping.
UrsaMU main server is running!
[CmdParser] Loaded system aliases: {
  name: "name",
  search: "search",
  stats: "search",
  moniker: "moniker",
  lock: "lock",
  unlock: "lock",
  toad: "admin",
  newpassword: "admin",
  newpass: "admin",
  chown: "admin",
  site: "admin",
  reboot: "admin",
  restart: "admin",
  shutdown: "admin",
  nameformat: "format",
  descformat: "format",
  conformat: "format",
  exitformat: "format",
  setAttr: "setAttr",
  alias: "alias",
  desc: "describe",
  "mail/send": "mail",
  "mail/read": "mail",
  "mail/delete": "mail",
  "mail/quick": "mail",
  "mail/proof": "mail",
  "mail/edit": "mail",
  "mail/abort": "mail",
  "mail/cc": "mail",
  "mail/bcc": "mail",
  "mail/reply": "mail",
  "mail/notify": "mail",
  "mail/replyall": "mail",
  "mail/forward": "mail",
  "mail/subject": "mail"
}
[0m[38;5;12mWatcher[0m [0m[38;5;245mRestarting! File change detected: "/Users/kumakun/github/ursamu/system/scripts/moniker.ts"[0m
Configuration loaded from /Users/kumakun/github/ursamu/config/config.json
Configuration saved to /Users/kumakun/github/ursamu/config/config.json
Loading plugin from /Users/kumakun/github/ursamu/src/plugins/example/index.ts
Configuration saved to /Users/kumakun/github/ursamu/config/config.json
Plugin example v1.0.0 loaded
Listening on http://0.0.0.0:4203/ (http://localhost:4203/)
Initializing example plugin...
Example plugin is disabled
Plugin example initialized successfully.
Checking for existing rooms...
Opening KV database at: data/ursamu.db
Found 4 rooms
Checking counter...
Checking for channels...
Found 2 channels
Server started on port 4203 (HTTP & WebSockets).
[Queue] Service initialized.
Discord Bridge: No token configured, skipping.
UrsaMU main server is running!
[CmdParser] Loaded system aliases: {
  name: "name",
  search: "search",
  stats: "search",
  moniker: "moniker",
  lock: "lock",
  unlock: "lock",
  toad: "admin",
  newpassword: "admin",
  newpass: "admin",
  chown: "admin",
  site: "admin",
  reboot: "admin",
  restart: "admin",
  shutdown: "admin",
  nameformat: "format",
  descformat: "format",
  conformat: "format",
  exitformat: "format",
  setAttr: "setAttr",
  alias: "alias",
  desc: "describe",
  "mail/send": "mail",
  "mail/read": "mail",
  "mail/delete": "mail",
  "mail/quick": "mail",
  "mail/proof": "mail",
  "mail/edit": "mail",
  "mail/abort": "mail",
  "mail/cc": "mail",
  "mail/bcc": "mail",
  "mail/reply": "mail",
  "mail/notify": "mail",
  "mail/replyall": "mail",
  "mail/forward": "mail",
  "mail/subject": "mail"
}
[0m[38;5;12mWatcher[0m [0m[38;5;245mRestarting! File change detected: "/Users/kumakun/github/ursamu/src/services/Sandbox/SandboxService.ts"[0m
Configuration loaded from /Users/kumakun/github/ursamu/config/config.json
Configuration saved to /Users/kumakun/github/ursamu/config/config.json
Loading plugin from /Users/kumakun/github/ursamu/src/plugins/example/index.ts
Configuration saved to /Users/kumakun/github/ursamu/config/config.json
Plugin example v1.0.0 loaded
Listening on http://0.0.0.0:4203/ (http://localhost:4203/)
Initializing example plugin...
Example plugin is disabled
Plugin example initialized successfully.
Checking for existing rooms...
Opening KV database at: data/ursamu.db
Found 4 rooms
Checking counter...
Checking for channels...
Found 2 channels
Server started on port 4203 (HTTP & WebSockets).
[Queue] Service initialized.
Discord Bridge: No token configured, skipping.
UrsaMU main server is running!
[CmdParser] Loaded system aliases: {
  name: "name",
  search: "search",
  stats: "search",
  moniker: "moniker",
  lock: "lock",
  unlock: "lock",
  toad: "admin",
  newpassword: "admin",
  newpass: "admin",
  chown: "admin",
  site: "admin",
  reboot: "admin",
  restart: "admin",
  shutdown: "admin",
  nameformat: "format",
  descformat: "format",
  conformat: "format",
  exitformat: "format",
  setAttr: "setAttr",
  alias: "alias",
  desc: "describe",
  "mail/send": "mail",
  "mail/read": "mail",
  "mail/delete": "mail",
  "mail/quick": "mail",
  "mail/proof": "mail",
  "mail/edit": "mail",
  "mail/abort": "mail",
  "mail/cc": "mail",
  "mail/bcc": "mail",
  "mail/reply": "mail",
  "mail/notify": "mail",
  "mail/replyall": "mail",
  "mail/forward": "mail",
  "mail/subject": "mail"
}
New WebSocket connection established (telnet)
Obj.get called with:  string
Obj.get called with:  string
Found by string (name): 1
Found by string (name): 1
Obj.get called with: 1 string
Found by string (name): 1
Obj.get called with: 10 string
Found by string (name): 10
Obj.get called with: 1 string
Found by string (name): 1
Obj.get called with: 1 string
Found by string (name): 1
Obj.get called with: 10 string
Found by string (name): 10
Obj.get called with: 1 string
Found by string (name): 1
Obj.get called with: 1 string
Found by string (name): 1
Obj.get called with: 10 string
Found by string (name): 10
Obj.get called with: 1 string
Found by string (name): 1
New WebSocket connection established (telnet)
Obj.get called with:  string
Obj.get called with:  string
Found by string (name): 1
Found by string (name): 1
Obj.get called with: 1 string
Found by string (name): 1
Obj.get called with: 10 string
Found by string (name): 10
Obj.get called with: 1 string
Found by string (name): 1
Obj.get called with: 1 string
Found by string (name): 1
Obj.get called with: 10 string
Found by string (name): 10
Obj.get called with: 1 string
Found by string (name): 1
Obj.get called with: 1 string
Found by string (name): 1
Obj.get called with: 10 string
Found by string (name): 10
Obj.get called with: 1 string
Found by string (name): 1
[0m[38;5;12mWatcher[0m [0m[38;5;245mRestarting! File change detected: "/Users/kumakun/github/ursamu/src/services/Database/database.ts"[0m
Configuration loaded from /Users/kumakun/github/ursamu/config/config.json
Configuration saved to /Users/kumakun/github/ursamu/config/config.json
Loading plugin from /Users/kumakun/github/ursamu/src/plugins/example/index.ts
Configuration saved to /Users/kumakun/github/ursamu/config/config.json
Plugin example v1.0.0 loaded
Listening on http://0.0.0.0:4203/ (http://localhost:4203/)
Initializing example plugin...
Example plugin is disabled
Plugin example initialized successfully.
Checking for existing rooms...
Opening KV database at: data/ursamu.db
Found 4 rooms
Checking counter...
Checking for channels...
Found 2 channels
Server started on port 4203 (HTTP & WebSockets).
[Queue] Service initialized.
Discord Bridge: No token configured, skipping.
UrsaMU main server is running!
[CmdParser] Loaded system aliases: {
  name: "name",
  search: "search",
  stats: "search",
  moniker: "moniker",
  lock: "lock",
  unlock: "lock",
  toad: "admin",
  newpassword: "admin",
  newpass: "admin",
  chown: "admin",
  site: "admin",
  reboot: "admin",
  restart: "admin",
  shutdown: "admin",
  nameformat: "format",
  descformat: "format",
  conformat: "format",
  exitformat: "format",
  setAttr: "setAttr",
  alias: "alias",
  desc: "describe",
  "mail/send": "mail",
  "mail/read": "mail",
  "mail/delete": "mail",
  "mail/quick": "mail",
  "mail/proof": "mail",
  "mail/edit": "mail",
  "mail/abort": "mail",
  "mail/cc": "mail",
  "mail/bcc": "mail",
  "mail/reply": "mail",
  "mail/notify": "mail",
  "mail/replyall": "mail",
  "mail/forward": "mail",
  "mail/subject": "mail"
}
[0m[38;5;12mWatcher[0m [0m[38;5;245mRestarting! File change detected: "/Users/kumakun/github/ursamu/src/services/Sandbox/SDKService.test.ts"[0m
Configuration loaded from /Users/kumakun/github/ursamu/config/config.json
Configuration saved to /Users/kumakun/github/ursamu/config/config.json
Loading plugin from /Users/kumakun/github/ursamu/src/plugins/example/index.ts
Configuration saved to /Users/kumakun/github/ursamu/config/config.json
Plugin example v1.0.0 loaded
Listening on http://0.0.0.0:4203/ (http://localhost:4203/)
Initializing example plugin...
Example plugin is disabled
Plugin example initialized successfully.
Checking for existing rooms...
Opening KV database at: data/ursamu.db
Found 4 rooms
Checking counter...
Checking for channels...
Found 2 channels
Server started on port 4203 (HTTP & WebSockets).
[Queue] Service initialized.
Discord Bridge: No token configured, skipping.
UrsaMU main server is running!
[CmdParser] Loaded system aliases: {
  name: "name",
  search: "search",
  stats: "search",
  moniker: "moniker",
  lock: "lock",
  unlock: "lock",
  toad: "admin",
  newpassword: "admin",
  newpass: "admin",
  chown: "admin",
  site: "admin",
  reboot: "admin",
  restart: "admin",
  shutdown: "admin",
  nameformat: "format",
  descformat: "format",
  conformat: "format",
  exitformat: "format",
  setAttr: "setAttr",
  alias: "alias",
  desc: "describe",
  "mail/send": "mail",
  "mail/read": "mail",
  "mail/delete": "mail",
  "mail/quick": "mail",
  "mail/proof": "mail",
  "mail/edit": "mail",
  "mail/abort": "mail",
  "mail/cc": "mail",
  "mail/bcc": "mail",
  "mail/reply": "mail",
  "mail/notify": "mail",
  "mail/replyall": "mail",
  "mail/forward": "mail",
  "mail/subject": "mail"
}
[0m[38;5;12mWatcher[0m [0m[38;5;245mRestarting! File change detected: "/Users/kumakun/github/ursamu/src/services/Sandbox/SDKService.test.ts"[0m
Configuration loaded from /Users/kumakun/github/ursamu/config/config.json
Configuration saved to /Users/kumakun/github/ursamu/config/config.json
Loading plugin from /Users/kumakun/github/ursamu/src/plugins/example/index.ts
Configuration saved to /Users/kumakun/github/ursamu/config/config.json
Plugin example v1.0.0 loaded
Listening on http://0.0.0.0:4203/ (http://localhost:4203/)
Initializing example plugin...
Example plugin is disabled
Plugin example initialized successfully.
Checking for existing rooms...
Opening KV database at: data/ursamu.db
Found 4 rooms
Checking counter...
Checking for channels...
Found 2 channels
Server started on port 4203 (HTTP & WebSockets).
[Queue] Service initialized.
Discord Bridge: No token configured, skipping.
UrsaMU main server is running!
[CmdParser] Loaded system aliases: {
  name: "name",
  search: "search",
  stats: "search",
  moniker: "moniker",
  lock: "lock",
  unlock: "lock",
  toad: "admin",
  newpassword: "admin",
  newpass: "admin",
  chown: "admin",
  site: "admin",
  reboot: "admin",
  restart: "admin",
  shutdown: "admin",
  nameformat: "format",
  descformat: "format",
  conformat: "format",
  exitformat: "format",
  setAttr: "setAttr",
  alias: "alias",
  desc: "describe",
  "mail/send": "mail",
  "mail/read": "mail",
  "mail/delete": "mail",
  "mail/quick": "mail",
  "mail/proof": "mail",
  "mail/edit": "mail",
  "mail/abort": "mail",
  "mail/cc": "mail",
  "mail/bcc": "mail",
  "mail/reply": "mail",
  "mail/notify": "mail",
  "mail/replyall": "mail",
  "mail/forward": "mail",
  "mail/subject": "mail"
}
[0m[38;5;12mWatcher[0m [0m[38;5;245mRestarting! File change detected: "/Users/kumakun/github/ursamu/src/services/Sandbox/SandboxService.test.ts"[0m
Configuration loaded from /Users/kumakun/github/ursamu/config/config.json
Configuration saved to /Users/kumakun/github/ursamu/config/config.json
Loading plugin from /Users/kumakun/github/ursamu/src/plugins/example/index.ts
Configuration saved to /Users/kumakun/github/ursamu/config/config.json
Plugin example v1.0.0 loaded
Listening on http://0.0.0.0:4203/ (http://localhost:4203/)
Initializing example plugin...
Example plugin is disabled
Plugin example initialized successfully.
Checking for existing rooms...
Opening KV database at: data/ursamu.db
Found 4 rooms
Checking counter...
Checking for channels...
Found 2 channels
Server started on port 4203 (HTTP & WebSockets).
[Queue] Service initialized.
Discord Bridge: No token configured, skipping.
UrsaMU main server is running!
[CmdParser] Loaded system aliases: {
  name: "name",
  search: "search",
  stats: "search",
  moniker: "moniker",
  lock: "lock",
  unlock: "lock",
  toad: "admin",
  newpassword: "admin",
  newpass: "admin",
  chown: "admin",
  site: "admin",
  reboot: "admin",
  restart: "admin",
  shutdown: "admin",
  nameformat: "format",
  descformat: "format",
  conformat: "format",
  exitformat: "format",
  setAttr: "setAttr",
  alias: "alias",
  desc: "describe",
  "mail/send": "mail",
  "mail/read": "mail",
  "mail/delete": "mail",
  "mail/quick": "mail",
  "mail/proof": "mail",
  "mail/edit": "mail",
  "mail/abort": "mail",
  "mail/cc": "mail",
  "mail/bcc": "mail",
  "mail/reply": "mail",
  "mail/notify": "mail",
  "mail/replyall": "mail",
  "mail/forward": "mail",
  "mail/subject": "mail"
}
[0m[38;5;12mWatcher[0m [0m[38;5;245mRestarting! File change detected: "/Users/kumakun/github/ursamu/system/scripts/look.ts"[0m
Configuration loaded from /Users/kumakun/github/ursamu/config/config.json
Configuration saved to /Users/kumakun/github/ursamu/config/config.json
Loading plugin from /Users/kumakun/github/ursamu/src/plugins/example/index.ts
Configuration saved to /Users/kumakun/github/ursamu/config/config.json
Plugin example v1.0.0 loaded
Listening on http://0.0.0.0:4203/ (http://localhost:4203/)
Initializing example plugin...
Example plugin is disabled
Plugin example initialized successfully.
Checking for existing rooms...
Opening KV database at: data/ursamu.db
Found 4 rooms
Checking counter...
Checking for channels...
Found 2 channels
Server started on port 4203 (HTTP & WebSockets).
[Queue] Service initialized.
Discord Bridge: No token configured, skipping.
UrsaMU main server is running!
[CmdParser] Loaded system aliases: {
  name: "name",
  search: "search",
  stats: "search",
  moniker: "moniker",
  lock: "lock",
  unlock: "lock",
  toad: "admin",
  newpassword: "admin",
  newpass: "admin",
  chown: "admin",
  site: "admin",
  reboot: "admin",
  restart: "admin",
  shutdown: "admin",
  nameformat: "format",
  descformat: "format",
  conformat: "format",
  exitformat: "format",
  setAttr: "setAttr",
  alias: "alias",
  desc: "describe",
  "mail/send": "mail",
  "mail/read": "mail",
  "mail/delete": "mail",
  "mail/quick": "mail",
  "mail/proof": "mail",
  "mail/edit": "mail",
  "mail/abort": "mail",
  "mail/cc": "mail",
  "mail/bcc": "mail",
  "mail/reply": "mail",
  "mail/notify": "mail",
  "mail/replyall": "mail",
  "mail/forward": "mail",
  "mail/subject": "mail"
}
New WebSocket connection established (telnet)
Obj.get called with:  string
Obj.get called with:  string
Found by string (name): 1
Found by string (name): 1
Obj.get called with: 1 string
Found by string (name): 1
Obj.get called with: 10 string
Found by string (name): 10
Obj.get called with: 1 string
Found by string (name): 1
Obj.get called with: 1 string
Found by string (name): 1
Obj.get called with: 10 string
Found by string (name): 10
Obj.get called with: 1 string
Found by string (name): 1
Obj.get called with: 1 string
Found by string (name): 1
Obj.get called with: 10 string
Found by string (name): 10
Obj.get called with: 1 string
Found by string (name): 1
[0m[38;5;12mWatcher[0m [0m[38;5;245mRestarting! File change detected: "/Users/kumakun/github/ursamu/src/services/Intents/Interceptor.test.ts"[0m
Configuration loaded from /Users/kumakun/github/ursamu/config/config.json
Configuration saved to /Users/kumakun/github/ursamu/config/config.json
Loading plugin from /Users/kumakun/github/ursamu/src/plugins/example/index.ts
Configuration saved to /Users/kumakun/github/ursamu/config/config.json
Plugin example v1.0.0 loaded
Listening on http://0.0.0.0:4203/ (http://localhost:4203/)
Initializing example plugin...
Example plugin is disabled
Plugin example initialized successfully.
Checking for existing rooms...
Opening KV database at: data/ursamu.db
Found 4 rooms
Checking counter...
Checking for channels...
Found 2 channels
Server started on port 4203 (HTTP & WebSockets).
[Queue] Service initialized.
Discord Bridge: No token configured, skipping.
UrsaMU main server is running!
[CmdParser] Loaded system aliases: {
  name: "name",
  search: "search",
  stats: "search",
  moniker: "moniker",
  lock: "lock",
  unlock: "lock",
  toad: "admin",
  newpassword: "admin",
  newpass: "admin",
  chown: "admin",
  site: "admin",
  reboot: "admin",
  restart: "admin",
  shutdown: "admin",
  nameformat: "format",
  descformat: "format",
  conformat: "format",
  exitformat: "format",
  setAttr: "setAttr",
  alias: "alias",
  desc: "describe",
  "mail/send": "mail",
  "mail/read": "mail",
  "mail/delete": "mail",
  "mail/quick": "mail",
  "mail/proof": "mail",
  "mail/edit": "mail",
  "mail/abort": "mail",
  "mail/cc": "mail",
  "mail/bcc": "mail",
  "mail/reply": "mail",
  "mail/notify": "mail",
  "mail/replyall": "mail",
  "mail/forward": "mail",
  "mail/subject": "mail"
}
[0m[38;5;12mWatcher[0m [0m[38;5;245mRestarting! File change detected: "/Users/kumakun/github/ursamu/src/services/Intents/Interceptor.test.ts"[0m
Configuration loaded from /Users/kumakun/github/ursamu/config/config.json
Configuration saved to /Users/kumakun/github/ursamu/config/config.json
Loading plugin from /Users/kumakun/github/ursamu/src/plugins/example/index.ts
Configuration saved to /Users/kumakun/github/ursamu/config/config.json
Plugin example v1.0.0 loaded
Listening on http://0.0.0.0:4203/ (http://localhost:4203/)
Initializing example plugin...
Example plugin is disabled
Plugin example initialized successfully.
Checking for existing rooms...
Opening KV database at: data/ursamu.db
Found 4 rooms
Checking counter...
Checking for channels...
Found 2 channels
Server started on port 4203 (HTTP & WebSockets).
[Queue] Service initialized.
Discord Bridge: No token configured, skipping.
UrsaMU main server is running!
[CmdParser] Loaded system aliases: {
  name: "name",
  search: "search",
  stats: "search",
  moniker: "moniker",
  lock: "lock",
  unlock: "lock",
  toad: "admin",
  newpassword: "admin",
  newpass: "admin",
  chown: "admin",
  site: "admin",
  reboot: "admin",
  restart: "admin",
  shutdown: "admin",
  nameformat: "format",
  descformat: "format",
  conformat: "format",
  exitformat: "format",
  setAttr: "setAttr",
  alias: "alias",
  desc: "describe",
  "mail/send": "mail",
  "mail/read": "mail",
  "mail/delete": "mail",
  "mail/quick": "mail",
  "mail/proof": "mail",
  "mail/edit": "mail",
  "mail/abort": "mail",
  "mail/cc": "mail",
  "mail/bcc": "mail",
  "mail/reply": "mail",
  "mail/notify": "mail",
  "mail/replyall": "mail",
  "mail/forward": "mail",
  "mail/subject": "mail"
}
New WebSocket connection established (telnet)
Obj.get called with:  string
Obj.get called with:  string
Found by string (name): 1
Found by string (name): 1
Obj.get called with: 1 string
Found by string (name): 1
Obj.get called with: 10 string
Found by string (name): 10
Obj.get called with: 1 string
Found by string (name): 1
Obj.get called with: 1 string
Found by string (name): 1
Obj.get called with: 10 string
Found by string (name): 10
Obj.get called with: 1 string
Found by string (name): 1
Obj.get called with: 1 string
Found by string (name): 1
Obj.get called with: 10 string
Found by string (name): 10
Obj.get called with: 1 string
Found by string (name): 1
